gavrasm Gerd's AVR assembler version 3.4 (C)2014 by DG4FAC
----------------------------------------------------------
Source file: ish.asm
Hex file:    ish.hex
Eeprom file: ish.eep
Compiled:    27.02.2015, 18:56:40
Pass:        2
     1: .include "/home/marik/Project/m32Adef.inc"
  Including file /home/marik/Project/m32Adef.inc
     1: ;***** THIS IS A MACHINE GENERATED FILE - DO NOT EDIT ********************
     2: ;***** Created: 2011-02-09 12:03 ******* Source: ATmega32A.xml ***********
     3: ;*************************************************************************
     4: ;* A P P L I C A T I O N   N O T E   F O R   T H E   A V R   F A M I L Y
     5: ;* 
     6: ;* Number            : AVR000
     7: ;* File Name         : "m32Adef.inc"
     8: ;* Title             : Register/Bit Definitions for the ATmega32A
     9: ;* Date              : 2011-02-09
    10: ;* Version           : 2.35
    11: ;* Support E-mail    : avr@atmel.com
    12: ;* Target MCU        : ATmega32A
    13: ;* 
    14: ;* DESCRIPTION
    15: ;* When including this file in the assembly program file, all I/O register 
    16: ;* names and I/O register bit names appearing in the data book can be used.
    17: ;* In addition, the six registers forming the three data pointers X, Y and 
    18: ;* Z have been assigned names XL - ZH. Highest RAM address for Internal 
    19: ;* SRAM is also defined 
    20: ;* 
    21: ;* The Register names are represented by their hexadecimal address.
    22: ;* 
    23: ;* The Register Bit names are represented by their bit number (0-7).
    24: ;* 
    25: ;* Please observe the difference in using the bit names with instructions
    26: ;* such as "sbr"/"cbr" (set/clear bit in register) and "sbrs"/"sbrc"
    27: ;* (skip if bit in register set/cleared). The following example illustrates
    28: ;* this:
    29: ;* 
    30: ;* in    r16,PORTB             ;read PORTB latch
    31: ;* sbr   r16,(1<<PB6)+(1<<PB5) ;set PB6 and PB5 (use masks, not bit#)
    32: ;* out   PORTB,r16             ;output to PORTB
    33: ;* 
    34: ;* in    r16,TIFR              ;read the Timer Interrupt Flag Register
    35: ;* sbrc  r16,TOV0              ;test the overflow flag (use bit#)
    36: ;* rjmp  TOV0_is_set           ;jump if set
    37: ;* ...                         ;otherwise do something else
    38: ;*************************************************************************
    39: 
    40: #ifndef _M32ADEF_INC_
    41: #define _M32ADEF_INC_
    42: 
    43: 
    44: #pragma partinc 0
    45: 
    46: ; ***** SPECIFY DEVICE ***************************************************
    47: .device ATmega32A
    48: #pragma AVRPART ADMIN PART_NAME ATmega32A
    49: .equ	SIGNATURE_000	= 0x1e
    50: .equ	SIGNATURE_001	= 0x95
    51: .equ	SIGNATURE_002	= 0x02
    52: 
    53: #pragma AVRPART CORE CORE_VERSION V2E
    54: 
    55: 
    56: ; ***** I/O REGISTER DEFINITIONS *****************************************
    57: ; NOTE:
    58: ; Definitions marked "MEMORY MAPPED"are extended I/O ports
    59: ; and cannot be used with IN/OUT instructions
    60: .equ	SREG	= 0x3f
    61: .equ	SPL	= 0x3d
    62: .equ	SPH	= 0x3e
    63: .equ	OCR0	= 0x3c
    64: .equ	GICR	= 0x3b
    65: .equ	GIFR	= 0x3a
    66: .equ	TIMSK	= 0x39
    67: .equ	TIFR	= 0x38
    68: .equ	SPMCR	= 0x37
    69: .equ	TWCR	= 0x36
    70: .equ	MCUCR	= 0x35
    71: .equ	MCUCSR	= 0x34
    72: .equ	TCCR0	= 0x33
    73: .equ	TCNT0	= 0x32
    74: .equ	OSCCAL	= 0x31
    75: .equ	OCDR	= 0x31
    76: .equ	SFIOR	= 0x30
    77: .equ	TCCR1A	= 0x2f
    78: .equ	TCCR1B	= 0x2e
    79: .equ	TCNT1L	= 0x2c
    80: .equ	TCNT1H	= 0x2d
    81: .equ	OCR1AL	= 0x2a
    82: .equ	OCR1AH	= 0x2b
    83: .equ	OCR1BL	= 0x28
    84: .equ	OCR1BH	= 0x29
    85: .equ	ICR1L	= 0x26
    86: .equ	ICR1H	= 0x27
    87: .equ	TCCR2	= 0x25
    88: .equ	TCNT2	= 0x24
    89: .equ	OCR2	= 0x23
    90: .equ	ASSR	= 0x22
    91: .equ	WDTCR	= 0x21
    92: .equ	UBRRH	= 0x20
    93: .equ	UCSRC	= 0x20
    94: .equ	EEARL	= 0x1e
    95: .equ	EEARH	= 0x1f
    96: .equ	EEDR	= 0x1d
    97: .equ	EECR	= 0x1c
    98: .equ	PORTA	= 0x1b
    99: .equ	DDRA	= 0x1a
   100: .equ	PINA	= 0x19
   101: .equ	PORTB	= 0x18
   102: .equ	DDRB	= 0x17
   103: .equ	PINB	= 0x16
   104: .equ	PORTC	= 0x15
   105: .equ	DDRC	= 0x14
   106: .equ	PINC	= 0x13
   107: .equ	PORTD	= 0x12
   108: .equ	DDRD	= 0x11
   109: .equ	PIND	= 0x10
   110: .equ	SPDR	= 0x0f
   111: .equ	SPSR	= 0x0e
   112: .equ	SPCR	= 0x0d
   113: .equ	UDR	= 0x0c
   114: .equ	UCSRA	= 0x0b
   115: .equ	UCSRB	= 0x0a
   116: .equ	UBRRL	= 0x09
   117: .equ	ACSR	= 0x08
   118: .equ	ADMUX	= 0x07
   119: .equ	ADCSRA	= 0x06
   120: .equ	ADCH	= 0x05
   121: .equ	ADCL	= 0x04
   122: .equ	TWDR	= 0x03
   123: .equ	TWAR	= 0x02
   124: .equ	TWSR	= 0x01
   125: .equ	TWBR	= 0x00
   126: 
   127: 
   128: ; ***** BIT DEFINITIONS **************************************************
   129: 
   130: ; ***** EEPROM ***********************
   131: ; EEDR - EEPROM Data Register
   132: .equ	EEDR0	= 0	; EEPROM Data Register bit 0
   133: .equ	EEDR1	= 1	; EEPROM Data Register bit 1
   134: .equ	EEDR2	= 2	; EEPROM Data Register bit 2
   135: .equ	EEDR3	= 3	; EEPROM Data Register bit 3
   136: .equ	EEDR4	= 4	; EEPROM Data Register bit 4
   137: .equ	EEDR5	= 5	; EEPROM Data Register bit 5
   138: .equ	EEDR6	= 6	; EEPROM Data Register bit 6
   139: .equ	EEDR7	= 7	; EEPROM Data Register bit 7
   140: 
   141: ; EECR - EEPROM Control Register
   142: .equ	EERE	= 0	; EEPROM Read Enable
   143: .equ	EEWE	= 1	; EEPROM Write Enable
   144: .equ	EEMWE	= 2	; EEPROM Master Write Enable
   145: .equ	EERIE	= 3	; EEPROM Ready Interrupt Enable
   146: 
   147: 
   148: ; ***** WATCHDOG *********************
   149: ; WDTCR - Watchdog Timer Control Register
   150: .equ	WDP0	= 0	; Watch Dog Timer Prescaler bit 0
   151: .equ	WDP1	= 1	; Watch Dog Timer Prescaler bit 1
   152: .equ	WDP2	= 2	; Watch Dog Timer Prescaler bit 2
   153: .equ	WDE	= 3	; Watch Dog Enable
   154: .equ	WDTOE	= 4	; RW
   155: .equ	WDDE	= WDTOE	; For compatibility
   156: 
   157: 
   158: ; ***** EXTERNAL_INTERRUPT ***********
   159: ; GICR - General Interrupt Control Register
   160: .equ	GIMSK	= GICR	; For compatibility
   161: .equ	IVCE	= 0	; Interrupt Vector Change Enable
   162: .equ	IVSEL	= 1	; Interrupt Vector Select
   163: .equ	INT2	= 5	; External Interrupt Request 2 Enable
   164: .equ	INT0	= 6	; External Interrupt Request 0 Enable
   165: .equ	INT1	= 7	; External Interrupt Request 1 Enable
   166: 
   167: ; GIFR - General Interrupt Flag Register
   168: .equ	INTF2	= 5	; External Interrupt Flag 2
   169: .equ	INTF0	= 6	; External Interrupt Flag 0
   170: .equ	INTF1	= 7	; External Interrupt Flag 1
   171: 
   172: ; MCUCR - General Interrupt Control Register
   173: .equ	ISC00	= 0	; Interrupt Sense Control 0 Bit 0
   174: .equ	ISC01	= 1	; Interrupt Sense Control 0 Bit 1
   175: .equ	ISC10	= 2	; Interrupt Sense Control 1 Bit 0
   176: .equ	ISC11	= 3	; Interrupt Sense Control 1 Bit 1
   177: 
   178: ; MCUCSR - MCU Control And Status Register
   179: .equ	ISC2	= 6	; Interrupt Sense Control 2
   180: 
   181: 
   182: ; ***** TIMER_COUNTER_0 **************
   183: ; TCCR0 - Timer/Counter Control Register
   184: .equ	CS00	= 0	; Clock Select 1
   185: .equ	CS01	= 1	; Clock Select 1
   186: .equ	CS02	= 2	; Clock Select 2
   187: .equ	WGM01	= 3	; Waveform Generation Mode 1
   188: .equ	CTC0	= WGM01	; For compatibility
   189: .equ	COM00	= 4	; Compare match Output Mode 0
   190: .equ	COM01	= 5	; Compare Match Output Mode 1
   191: .equ	WGM00	= 6	; Waveform Generation Mode
   192: .equ	PWM0	= WGM00	; For compatibility
   193: .equ	FOC0	= 7	; Force Output Compare
   194: 
   195: ; TCNT0 - Timer/Counter Register
   196: .equ	TCNT0_0	= 0	; 
   197: .equ	TCNT0_1	= 1	; 
   198: .equ	TCNT0_2	= 2	; 
   199: .equ	TCNT0_3	= 3	; 
   200: .equ	TCNT0_4	= 4	; 
   201: .equ	TCNT0_5	= 5	; 
   202: .equ	TCNT0_6	= 6	; 
   203: .equ	TCNT0_7	= 7	; 
   204: 
   205: ; OCR0 - Output Compare Register
   206: .equ	OCR0_0	= 0	; 
   207: .equ	OCR0_1	= 1	; 
   208: .equ	OCR0_2	= 2	; 
   209: .equ	OCR0_3	= 3	; 
   210: .equ	OCR0_4	= 4	; 
   211: .equ	OCR0_5	= 5	; 
   212: .equ	OCR0_6	= 6	; 
   213: .equ	OCR0_7	= 7	; 
   214: 
   215: ; TIMSK - Timer/Counter Interrupt Mask Register
   216: .equ	TOIE0	= 0	; Timer/Counter0 Overflow Interrupt Enable
   217: .equ	OCIE0	= 1	; Timer/Counter0 Output Compare Match Interrupt register
   218: 
   219: ; TIFR - Timer/Counter Interrupt Flag register
   220: .equ	TOV0	= 0	; Timer/Counter0 Overflow Flag
   221: .equ	OCF0	= 1	; Output Compare Flag 0
   222: 
   223: 
   224: ; ***** TIMER_COUNTER_2 **************
   225: ; TIMSK - Timer/Counter Interrupt Mask register
   226: .equ	TOIE2	= 6	; Timer/Counter2 Overflow Interrupt Enable
   227: .equ	OCIE2	= 7	; Timer/Counter2 Output Compare Match Interrupt Enable
   228: 
   229: ; TIFR - Timer/Counter Interrupt Flag Register
   230: .equ	TOV2	= 6	; Timer/Counter2 Overflow Flag
   231: .equ	OCF2	= 7	; Output Compare Flag 2
   232: 
   233: ; TCCR2 - Timer/Counter2 Control Register
   234: .equ	CS20	= 0	; Clock Select bit 0
   235: .equ	CS21	= 1	; Clock Select bit 1
   236: .equ	CS22	= 2	; Clock Select bit 2
   237: .equ	WGM21	= 3	; Clear Timer/Counter2 on Compare Match
   238: .equ	CTC2	= WGM21	; For compatibility
   239: .equ	COM20	= 4	; Compare Output Mode bit 0
   240: .equ	COM21	= 5	; Compare Output Mode bit 1
   241: .equ	WGM20	= 6	; Pulse Width Modulator Enable
   242: .equ	PWM2	= WGM20	; For compatibility
   243: .equ	FOC2	= 7	; Force Output Compare
   244: 
   245: ; TCNT2 - Timer/Counter2
   246: .equ	TCNT2_0	= 0	; Timer/Counter 2 bit 0
   247: .equ	TCNT2_1	= 1	; Timer/Counter 2 bit 1
   248: .equ	TCNT2_2	= 2	; Timer/Counter 2 bit 2
   249: .equ	TCNT2_3	= 3	; Timer/Counter 2 bit 3
   250: .equ	TCNT2_4	= 4	; Timer/Counter 2 bit 4
   251: .equ	TCNT2_5	= 5	; Timer/Counter 2 bit 5
   252: .equ	TCNT2_6	= 6	; Timer/Counter 2 bit 6
   253: .equ	TCNT2_7	= 7	; Timer/Counter 2 bit 7
   254: 
   255: ; OCR2 - Timer/Counter2 Output Compare Register
   256: .equ	OCR2_0	= 0	; Timer/Counter2 Output Compare Register Bit 0
   257: .equ	OCR2_1	= 1	; Timer/Counter2 Output Compare Register Bit 1
   258: .equ	OCR2_2	= 2	; Timer/Counter2 Output Compare Register Bit 2
   259: .equ	OCR2_3	= 3	; Timer/Counter2 Output Compare Register Bit 3
   260: .equ	OCR2_4	= 4	; Timer/Counter2 Output Compare Register Bit 4
   261: .equ	OCR2_5	= 5	; Timer/Counter2 Output Compare Register Bit 5
   262: .equ	OCR2_6	= 6	; Timer/Counter2 Output Compare Register Bit 6
   263: .equ	OCR2_7	= 7	; Timer/Counter2 Output Compare Register Bit 7
   264: 
   265: ; ASSR - Asynchronous Status Register
   266: .equ	TCR2UB	= 0	; Timer/counter Control Register2 Update Busy
   267: .equ	OCR2UB	= 1	; Output Compare Register2 Update Busy
   268: .equ	TCN2UB	= 2	; Timer/Counter2 Update Busy
   269: .equ	AS2	= 3	; Asynchronous Timer/counter2
   270: 
   271: 
   272: ; ***** TIMER_COUNTER_1 **************
   273: ; TIMSK - Timer/Counter Interrupt Mask Register
   274: .equ	TOIE1	= 2	; Timer/Counter1 Overflow Interrupt Enable
   275: .equ	OCIE1B	= 3	; Timer/Counter1 Output CompareB Match Interrupt Enable
   276: .equ	OCIE1A	= 4	; Timer/Counter1 Output CompareA Match Interrupt Enable
   277: .equ	TICIE1	= 5	; Timer/Counter1 Input Capture Interrupt Enable
   278: 
   279: ; TIFR - Timer/Counter Interrupt Flag register
   280: .equ	TOV1	= 2	; Timer/Counter1 Overflow Flag
   281: .equ	OCF1B	= 3	; Output Compare Flag 1B
   282: .equ	OCF1A	= 4	; Output Compare Flag 1A
   283: .equ	ICF1	= 5	; Input Capture Flag 1
   284: 
   285: ; TCCR1A - Timer/Counter1 Control Register A
   286: .equ	WGM10	= 0	; Waveform Generation Mode
   287: .equ	PWM10	= WGM10	; For compatibility
   288: .equ	WGM11	= 1	; Waveform Generation Mode
   289: .equ	PWM11	= WGM11	; For compatibility
   290: .equ	FOC1B	= 2	; Force Output Compare 1B
   291: .equ	FOC1A	= 3	; Force Output Compare 1A
   292: .equ	COM1B0	= 4	; Compare Output Mode 1B, bit 0
   293: .equ	COM1B1	= 5	; Compare Output Mode 1B, bit 1
   294: .equ	COM1A0	= 6	; Compare Ouput Mode 1A, bit 0
   295: .equ	COM1A1	= 7	; Compare Output Mode 1A, bit 1
   296: 
   297: ; TCCR1B - Timer/Counter1 Control Register B
   298: .equ	CS10	= 0	; Prescaler source of Timer/Counter 1
   299: .equ	CS11	= 1	; Prescaler source of Timer/Counter 1
   300: .equ	CS12	= 2	; Prescaler source of Timer/Counter 1
   301: .equ	WGM12	= 3	; Waveform Generation Mode
   302: .equ	CTC10	= WGM12	; For compatibility
   303: .equ	CTC1	= WGM12	; For compatibility
   304: .equ	WGM13	= 4	; Waveform Generation Mode
   305: .equ	CTC11	= WGM13	; For compatibility
   306: .equ	ICES1	= 6	; Input Capture 1 Edge Select
   307: .equ	ICNC1	= 7	; Input Capture 1 Noise Canceler
   308: 
   309: 
   310: ; ***** SPI **************************
   311: ; SPDR - SPI Data Register
   312: .equ	SPDR0	= 0	; SPI Data Register bit 0
   313: .equ	SPDR1	= 1	; SPI Data Register bit 1
   314: .equ	SPDR2	= 2	; SPI Data Register bit 2
   315: .equ	SPDR3	= 3	; SPI Data Register bit 3
   316: .equ	SPDR4	= 4	; SPI Data Register bit 4
   317: .equ	SPDR5	= 5	; SPI Data Register bit 5
   318: .equ	SPDR6	= 6	; SPI Data Register bit 6
   319: .equ	SPDR7	= 7	; SPI Data Register bit 7
   320: 
   321: ; SPSR - SPI Status Register
   322: .equ	SPI2X	= 0	; Double SPI Speed Bit
   323: .equ	WCOL	= 6	; Write Collision Flag
   324: .equ	SPIF	= 7	; SPI Interrupt Flag
   325: 
   326: ; SPCR - SPI Control Register
   327: .equ	SPR0	= 0	; SPI Clock Rate Select 0
   328: .equ	SPR1	= 1	; SPI Clock Rate Select 1
   329: .equ	CPHA	= 2	; Clock Phase
   330: .equ	CPOL	= 3	; Clock polarity
   331: .equ	MSTR	= 4	; Master/Slave Select
   332: .equ	DORD	= 5	; Data Order
   333: .equ	SPE	= 6	; SPI Enable
   334: .equ	SPIE	= 7	; SPI Interrupt Enable
   335: 
   336: 
   337: ; ***** USART ************************
   338: ; UDR - USART I/O Data Register
   339: .equ	UDR0	= 0	; USART I/O Data Register bit 0
   340: .equ	UDR1	= 1	; USART I/O Data Register bit 1
   341: .equ	UDR2	= 2	; USART I/O Data Register bit 2
   342: .equ	UDR3	= 3	; USART I/O Data Register bit 3
   343: .equ	UDR4	= 4	; USART I/O Data Register bit 4
   344: .equ	UDR5	= 5	; USART I/O Data Register bit 5
   345: .equ	UDR6	= 6	; USART I/O Data Register bit 6
   346: .equ	UDR7	= 7	; USART I/O Data Register bit 7
   347: 
   348: ; UCSRA - USART Control and Status Register A
   349: .equ	USR	= UCSRA	; For compatibility
   350: .equ	MPCM	= 0	; Multi-processor Communication Mode
   351: .equ	U2X	= 1	; Double the USART transmission speed
   352: .equ	UPE	= 2	; Parity Error
   353: .equ	PE	= UPE	; For compatibility
   354: .equ	DOR	= 3	; Data overRun
   355: .equ	FE	= 4	; Framing Error
   356: .equ	UDRE	= 5	; USART Data Register Empty
   357: .equ	TXC	= 6	; USART Transmitt Complete
   358: .equ	RXC	= 7	; USART Receive Complete
   359: 
   360: ; UCSRB - USART Control and Status Register B
   361: .equ	UCR	= UCSRB	; For compatibility
   362: .equ	TXB8	= 0	; Transmit Data Bit 8
   363: .equ	RXB8	= 1	; Receive Data Bit 8
   364: .equ	UCSZ2	= 2	; Character Size
   365: .equ	CHR9	= UCSZ2	; For compatibility
   366: .equ	TXEN	= 3	; Transmitter Enable
   367: .equ	RXEN	= 4	; Receiver Enable
   368: .equ	UDRIE	= 5	; USART Data register Empty Interrupt Enable
   369: .equ	TXCIE	= 6	; TX Complete Interrupt Enable
   370: .equ	RXCIE	= 7	; RX Complete Interrupt Enable
   371: 
   372: ; UCSRC - USART Control and Status Register C
   373: .equ	UCPOL	= 0	; Clock Polarity
   374: .equ	UCSZ0	= 1	; Character Size
   375: .equ	UCSZ1	= 2	; Character Size
   376: .equ	USBS	= 3	; Stop Bit Select
   377: .equ	UPM0	= 4	; Parity Mode Bit 0
   378: .equ	UPM1	= 5	; Parity Mode Bit 1
   379: .equ	UMSEL	= 6	; USART Mode Select
   380: .equ	URSEL	= 7	; Register Select
   381: 
   382: .equ	UBRRHI	= UBRRH	; For compatibility
   383: 
   384: ; ***** ANALOG_COMPARATOR ************
   385: ; SFIOR - Special Function IO Register
   386: .equ	ACME	= 3	; Analog Comparator Multiplexer Enable
   387: 
   388: ; ACSR - Analog Comparator Control And Status Register
   389: .equ	ACIS0	= 0	; Analog Comparator Interrupt Mode Select bit 0
   390: .equ	ACIS1	= 1	; Analog Comparator Interrupt Mode Select bit 1
   391: .equ	ACIC	= 2	; Analog Comparator Input Capture Enable
   392: .equ	ACIE	= 3	; Analog Comparator Interrupt Enable
   393: .equ	ACI	= 4	; Analog Comparator Interrupt Flag
   394: .equ	ACO	= 5	; Analog Compare Output
   395: .equ	ACBG	= 6	; Analog Comparator Bandgap Select
   396: .equ	ACD	= 7	; Analog Comparator Disable
   397: 
   398: 
   399: ; ***** AD_CONVERTER *****************
   400: ; ADMUX - The ADC multiplexer Selection Register
   401: .equ	MUX0	= 0	; Analog Channel and Gain Selection Bits
   402: .equ	MUX1	= 1	; Analog Channel and Gain Selection Bits
   403: .equ	MUX2	= 2	; Analog Channel and Gain Selection Bits
   404: .equ	MUX3	= 3	; Analog Channel and Gain Selection Bits
   405: .equ	MUX4	= 4	; Analog Channel and Gain Selection Bits
   406: .equ	ADLAR	= 5	; Left Adjust Result
   407: .equ	REFS0	= 6	; Reference Selection Bit 0
   408: .equ	REFS1	= 7	; Reference Selection Bit 1
   409: 
   410: ; ADCSRA - The ADC Control and Status register
   411: .equ	ADCSR	= ADCSRA	; For compatibility
   412: .equ	ADPS0	= 0	; ADC  Prescaler Select Bits
   413: .equ	ADPS1	= 1	; ADC  Prescaler Select Bits
   414: .equ	ADPS2	= 2	; ADC  Prescaler Select Bits
   415: .equ	ADIE	= 3	; ADC Interrupt Enable
   416: .equ	ADIF	= 4	; ADC Interrupt Flag
   417: .equ	ADATE	= 5	; When this bit is written to one,the Timer/Counter2 prescaler will be reset.The bit will be cleared by hardware after the operation is performed.Writing a zero to this bit will have no effect.This bit will always be read as zero if
   418: .equ	ADFR	= ADATE	; For compatibility
   419: .equ	ADSC	= 6	; ADC Start Conversion
   420: .equ	ADEN	= 7	; ADC Enable
   421: 
   422: ; ADCH - ADC Data Register High Byte
   423: .equ	ADCH0	= 0	; ADC Data Register High Byte Bit 0
   424: .equ	ADCH1	= 1	; ADC Data Register High Byte Bit 1
   425: .equ	ADCH2	= 2	; ADC Data Register High Byte Bit 2
   426: .equ	ADCH3	= 3	; ADC Data Register High Byte Bit 3
   427: .equ	ADCH4	= 4	; ADC Data Register High Byte Bit 4
   428: .equ	ADCH5	= 5	; ADC Data Register High Byte Bit 5
   429: .equ	ADCH6	= 6	; ADC Data Register High Byte Bit 6
   430: .equ	ADCH7	= 7	; ADC Data Register High Byte Bit 7
   431: 
   432: ; ADCL - ADC Data Register Low Byte
   433: .equ	ADCL0	= 0	; ADC Data Register Low Byte Bit 0
   434: .equ	ADCL1	= 1	; ADC Data Register Low Byte Bit 1
   435: .equ	ADCL2	= 2	; ADC Data Register Low Byte Bit 2
   436: .equ	ADCL3	= 3	; ADC Data Register Low Byte Bit 3
   437: .equ	ADCL4	= 4	; ADC Data Register Low Byte Bit 4
   438: .equ	ADCL5	= 5	; ADC Data Register Low Byte Bit 5
   439: .equ	ADCL6	= 6	; ADC Data Register Low Byte Bit 6
   440: .equ	ADCL7	= 7	; ADC Data Register Low Byte Bit 7
   441: 
   442: ; SFIOR - Special Function IO Register
   443: .equ	ADTS0	= 5	; ADC Auto Trigger Source 0
   444: .equ	ADTS1	= 6	; ADC Auto Trigger Source 1
   445: .equ	ADTS2	= 7	; ADC Auto Trigger Source 2
   446: 
   447: 
   448: ; ***** PORTA ************************
   449: ; PORTA - Port A Data Register
   450: .equ	PORTA0	= 0	; Port A Data Register bit 0
   451: .equ	PA0	= 0	; For compatibility
   452: .equ	PORTA1	= 1	; Port A Data Register bit 1
   453: .equ	PA1	= 1	; For compatibility
   454: .equ	PORTA2	= 2	; Port A Data Register bit 2
   455: .equ	PA2	= 2	; For compatibility
   456: .equ	PORTA3	= 3	; Port A Data Register bit 3
   457: .equ	PA3	= 3	; For compatibility
   458: .equ	PORTA4	= 4	; Port A Data Register bit 4
   459: .equ	PA4	= 4	; For compatibility
   460: .equ	PORTA5	= 5	; Port A Data Register bit 5
   461: .equ	PA5	= 5	; For compatibility
   462: .equ	PORTA6	= 6	; Port A Data Register bit 6
   463: .equ	PA6	= 6	; For compatibility
   464: .equ	PORTA7	= 7	; Port A Data Register bit 7
   465: .equ	PA7	= 7	; For compatibility
   466: 
   467: ; DDRA - Port A Data Direction Register
   468: .equ	DDA0	= 0	; Data Direction Register, Port A, bit 0
   469: .equ	DDA1	= 1	; Data Direction Register, Port A, bit 1
   470: .equ	DDA2	= 2	; Data Direction Register, Port A, bit 2
   471: .equ	DDA3	= 3	; Data Direction Register, Port A, bit 3
   472: .equ	DDA4	= 4	; Data Direction Register, Port A, bit 4
   473: .equ	DDA5	= 5	; Data Direction Register, Port A, bit 5
   474: .equ	DDA6	= 6	; Data Direction Register, Port A, bit 6
   475: .equ	DDA7	= 7	; Data Direction Register, Port A, bit 7
   476: 
   477: ; PINA - Port A Input Pins
   478: .equ	PINA0	= 0	; Input Pins, Port A bit 0
   479: .equ	PINA1	= 1	; Input Pins, Port A bit 1
   480: .equ	PINA2	= 2	; Input Pins, Port A bit 2
   481: .equ	PINA3	= 3	; Input Pins, Port A bit 3
   482: .equ	PINA4	= 4	; Input Pins, Port A bit 4
   483: .equ	PINA5	= 5	; Input Pins, Port A bit 5
   484: .equ	PINA6	= 6	; Input Pins, Port A bit 6
   485: .equ	PINA7	= 7	; Input Pins, Port A bit 7
   486: 
   487: 
   488: ; ***** PORTB ************************
   489: ; PORTB - Port B Data Register
   490: .equ	PORTB0	= 0	; Port B Data Register bit 0
   491: .equ	PB0	= 0	; For compatibility
   492: .equ	PORTB1	= 1	; Port B Data Register bit 1
   493: .equ	PB1	= 1	; For compatibility
   494: .equ	PORTB2	= 2	; Port B Data Register bit 2
   495: .equ	PB2	= 2	; For compatibility
   496: .equ	PORTB3	= 3	; Port B Data Register bit 3
   497: .equ	PB3	= 3	; For compatibility
   498: .equ	PORTB4	= 4	; Port B Data Register bit 4
   499: .equ	PB4	= 4	; For compatibility
   500: .equ	PORTB5	= 5	; Port B Data Register bit 5
   501: .equ	PB5	= 5	; For compatibility
   502: .equ	PORTB6	= 6	; Port B Data Register bit 6
   503: .equ	PB6	= 6	; For compatibility
   504: .equ	PORTB7	= 7	; Port B Data Register bit 7
   505: .equ	PB7	= 7	; For compatibility
   506: 
   507: ; DDRB - Port B Data Direction Register
   508: .equ	DDB0	= 0	; Port B Data Direction Register bit 0
   509: .equ	DDB1	= 1	; Port B Data Direction Register bit 1
   510: .equ	DDB2	= 2	; Port B Data Direction Register bit 2
   511: .equ	DDB3	= 3	; Port B Data Direction Register bit 3
   512: .equ	DDB4	= 4	; Port B Data Direction Register bit 4
   513: .equ	DDB5	= 5	; Port B Data Direction Register bit 5
   514: .equ	DDB6	= 6	; Port B Data Direction Register bit 6
   515: .equ	DDB7	= 7	; Port B Data Direction Register bit 7
   516: 
   517: ; PINB - Port B Input Pins
   518: .equ	PINB0	= 0	; Port B Input Pins bit 0
   519: .equ	PINB1	= 1	; Port B Input Pins bit 1
   520: .equ	PINB2	= 2	; Port B Input Pins bit 2
   521: .equ	PINB3	= 3	; Port B Input Pins bit 3
   522: .equ	PINB4	= 4	; Port B Input Pins bit 4
   523: .equ	PINB5	= 5	; Port B Input Pins bit 5
   524: .equ	PINB6	= 6	; Port B Input Pins bit 6
   525: .equ	PINB7	= 7	; Port B Input Pins bit 7
   526: 
   527: 
   528: ; ***** PORTC ************************
   529: ; PORTC - Port C Data Register
   530: .equ	PORTC0	= 0	; Port C Data Register bit 0
   531: .equ	PC0	= 0	; For compatibility
   532: .equ	PORTC1	= 1	; Port C Data Register bit 1
   533: .equ	PC1	= 1	; For compatibility
   534: .equ	PORTC2	= 2	; Port C Data Register bit 2
   535: .equ	PC2	= 2	; For compatibility
   536: .equ	PORTC3	= 3	; Port C Data Register bit 3
   537: .equ	PC3	= 3	; For compatibility
   538: .equ	PORTC4	= 4	; Port C Data Register bit 4
   539: .equ	PC4	= 4	; For compatibility
   540: .equ	PORTC5	= 5	; Port C Data Register bit 5
   541: .equ	PC5	= 5	; For compatibility
   542: .equ	PORTC6	= 6	; Port C Data Register bit 6
   543: .equ	PC6	= 6	; For compatibility
   544: .equ	PORTC7	= 7	; Port C Data Register bit 7
   545: .equ	PC7	= 7	; For compatibility
   546: 
   547: ; DDRC - Port C Data Direction Register
   548: .equ	DDC0	= 0	; Port C Data Direction Register bit 0
   549: .equ	DDC1	= 1	; Port C Data Direction Register bit 1
   550: .equ	DDC2	= 2	; Port C Data Direction Register bit 2
   551: .equ	DDC3	= 3	; Port C Data Direction Register bit 3
   552: .equ	DDC4	= 4	; Port C Data Direction Register bit 4
   553: .equ	DDC5	= 5	; Port C Data Direction Register bit 5
   554: .equ	DDC6	= 6	; Port C Data Direction Register bit 6
   555: .equ	DDC7	= 7	; Port C Data Direction Register bit 7
   556: 
   557: ; PINC - Port C Input Pins
   558: .equ	PINC0	= 0	; Port C Input Pins bit 0
   559: .equ	PINC1	= 1	; Port C Input Pins bit 1
   560: .equ	PINC2	= 2	; Port C Input Pins bit 2
   561: .equ	PINC3	= 3	; Port C Input Pins bit 3
   562: .equ	PINC4	= 4	; Port C Input Pins bit 4
   563: .equ	PINC5	= 5	; Port C Input Pins bit 5
   564: .equ	PINC6	= 6	; Port C Input Pins bit 6
   565: .equ	PINC7	= 7	; Port C Input Pins bit 7
   566: 
   567: 
   568: ; ***** PORTD ************************
   569: ; PORTD - Port D Data Register
   570: .equ	PORTD0	= 0	; Port D Data Register bit 0
   571: .equ	PD0	= 0	; For compatibility
   572: .equ	PORTD1	= 1	; Port D Data Register bit 1
   573: .equ	PD1	= 1	; For compatibility
   574: .equ	PORTD2	= 2	; Port D Data Register bit 2
   575: .equ	PD2	= 2	; For compatibility
   576: .equ	PORTD3	= 3	; Port D Data Register bit 3
   577: .equ	PD3	= 3	; For compatibility
   578: .equ	PORTD4	= 4	; Port D Data Register bit 4
   579: .equ	PD4	= 4	; For compatibility
   580: .equ	PORTD5	= 5	; Port D Data Register bit 5
   581: .equ	PD5	= 5	; For compatibility
   582: .equ	PORTD6	= 6	; Port D Data Register bit 6
   583: .equ	PD6	= 6	; For compatibility
   584: .equ	PORTD7	= 7	; Port D Data Register bit 7
   585: .equ	PD7	= 7	; For compatibility
   586: 
   587: ; DDRD - Port D Data Direction Register
   588: .equ	DDD0	= 0	; Port D Data Direction Register bit 0
   589: .equ	DDD1	= 1	; Port D Data Direction Register bit 1
   590: .equ	DDD2	= 2	; Port D Data Direction Register bit 2
   591: .equ	DDD3	= 3	; Port D Data Direction Register bit 3
   592: .equ	DDD4	= 4	; Port D Data Direction Register bit 4
   593: .equ	DDD5	= 5	; Port D Data Direction Register bit 5
   594: .equ	DDD6	= 6	; Port D Data Direction Register bit 6
   595: .equ	DDD7	= 7	; Port D Data Direction Register bit 7
   596: 
   597: ; PIND - Port D Input Pins
   598: .equ	PIND0	= 0	; Port D Input Pins bit 0
   599: .equ	PIND1	= 1	; Port D Input Pins bit 1
   600: .equ	PIND2	= 2	; Port D Input Pins bit 2
   601: .equ	PIND3	= 3	; Port D Input Pins bit 3
   602: .equ	PIND4	= 4	; Port D Input Pins bit 4
   603: .equ	PIND5	= 5	; Port D Input Pins bit 5
   604: .equ	PIND6	= 6	; Port D Input Pins bit 6
   605: .equ	PIND7	= 7	; Port D Input Pins bit 7
   606: 
   607: 
   608: ; ***** CPU **************************
   609: ; SREG - Status Register
   610: .equ	SREG_C	= 0	; Carry Flag
   611: .equ	SREG_Z	= 1	; Zero Flag
   612: .equ	SREG_N	= 2	; Negative Flag
   613: .equ	SREG_V	= 3	; Two's Complement Overflow Flag
   614: .equ	SREG_S	= 4	; Sign Bit
   615: .equ	SREG_H	= 5	; Half Carry Flag
   616: .equ	SREG_T	= 6	; Bit Copy Storage
   617: .equ	SREG_I	= 7	; Global Interrupt Enable
   618: 
   619: ; MCUCR - MCU Control Register
   620: ;.equ	ISC00	= 0	; Interrupt Sense Control 0 Bit 0
   621: ;.equ	ISC01	= 1	; Interrupt Sense Control 0 Bit 1
   622: ;.equ	ISC10	= 2	; Interrupt Sense Control 1 Bit 0
   623: ;.equ	ISC11	= 3	; Interrupt Sense Control 1 Bit 1
   624: .equ	SM0	= 4	; Sleep Mode Select
   625: .equ	SM1	= 5	; Sleep Mode Select
   626: .equ	SM2	= 6	; Sleep Mode Select
   627: .equ	SE	= 7	; Sleep Enable
   628: 
   629: ; MCUCSR - MCU Control And Status Register
   630: .equ	MCUSR	= MCUCSR	; For compatibility
   631: .equ	PORF	= 0	; Power-on reset flag
   632: .equ	EXTRF	= 1	; External Reset Flag
   633: .equ	BORF	= 2	; Brown-out Reset Flag
   634: .equ	WDRF	= 3	; Watchdog Reset Flag
   635: .equ	JTRF	= 4	; JTAG Reset Flag
   636: .equ	JTD	= 7	; JTAG Interface Disable
   637: 
   638: ; OSCCAL - Oscillator Calibration Value
   639: .equ	CAL0	= 0	; Oscillator Calibration Value Bit0
   640: .equ	CAL1	= 1	; Oscillator Calibration Value Bit1
   641: .equ	CAL2	= 2	; Oscillator Calibration Value Bit2
   642: .equ	CAL3	= 3	; Oscillator Calibration Value Bit3
   643: .equ	CAL4	= 4	; Oscillator Calibration Value Bit4
   644: .equ	CAL5	= 5	; Oscillator Calibration Value Bit5
   645: .equ	CAL6	= 6	; Oscillator Calibration Value Bit6
   646: .equ	CAL7	= 7	; Oscillator Calibration Value Bit7
   647: 
   648: ; SFIOR - Special Function IO Register
   649: .equ	PSR10	= 0	; Prescaler Reset Timer/Counter1&0
   650: .equ	PSR2	= 1	; Prescaler Reset Timer/Counter2
   651: .equ	PUD	= 2	; Pull-up Disable
   652: 
   653: 
   654: ; ***** BOOT_LOAD ********************
   655: ; SPMCR - Store Program Memory Control Register
   656: .equ	SPMEN	= 0	; Store Program Memory Enable
   657: .equ	PGERS	= 1	; Page Erase
   658: .equ	PGWRT	= 2	; Page Write
   659: .equ	BLBSET	= 3	; Boot Lock Bit Set
   660: .equ	RWWSRE	= 4	; Read While Write secion read enable
   661: .equ	ASRE	= RWWSRE	; For compatibility
   662: .equ	RWWSB	= 6	; Read While Write Section Busy
   663: .equ	ASB	= RWWSB	; For compatibility
   664: .equ	SPMIE	= 7	; SPM Interrupt Enable
   665: 
   666: 
   667: ; ***** TWI **************************
   668: ; TWBR - TWI Bit Rate register
   669: .equ	TWBR0	= 0	; 
   670: .equ	TWBR1	= 1	; 
   671: .equ	TWBR2	= 2	; 
   672: .equ	TWBR3	= 3	; 
   673: .equ	TWBR4	= 4	; 
   674: .equ	TWBR5	= 5	; 
   675: .equ	TWBR6	= 6	; 
   676: .equ	TWBR7	= 7	; 
   677: 
   678: ; TWCR - TWI Control Register
   679: .equ	TWIE	= 0	; TWI Interrupt Enable
   680: .equ	TWEN	= 2	; TWI Enable Bit
   681: .equ	TWWC	= 3	; TWI Write Collition Flag
   682: .equ	TWSTO	= 4	; TWI Stop Condition Bit
   683: .equ	TWSTA	= 5	; TWI Start Condition Bit
   684: .equ	TWEA	= 6	; TWI Enable Acknowledge Bit
   685: .equ	TWINT	= 7	; TWI Interrupt Flag
   686: 
   687: ; TWSR - TWI Status Register
   688: .equ	TWPS0	= 0	; TWI Prescaler bits
   689: .equ	TWPS1	= 1	; TWI Prescaler bits
   690: .equ	TWS3	= 3	; TWI Status
   691: .equ	TWS4	= 4	; TWI Status
   692: .equ	TWS5	= 5	; TWI Status
   693: .equ	TWS6	= 6	; TWI Status
   694: .equ	TWS7	= 7	; TWI Status
   695: 
   696: ; TWDR - TWI Data register
   697: .equ	TWD0	= 0	; TWI Data Register Bit 0
   698: .equ	TWD1	= 1	; TWI Data Register Bit 1
   699: .equ	TWD2	= 2	; TWI Data Register Bit 2
   700: .equ	TWD3	= 3	; TWI Data Register Bit 3
   701: .equ	TWD4	= 4	; TWI Data Register Bit 4
   702: .equ	TWD5	= 5	; TWI Data Register Bit 5
   703: .equ	TWD6	= 6	; TWI Data Register Bit 6
   704: .equ	TWD7	= 7	; TWI Data Register Bit 7
   705: 
   706: ; TWAR - TWI (Slave) Address register
   707: .equ	TWGCE	= 0	; TWI General Call Recognition Enable Bit
   708: .equ	TWA0	= 1	; TWI (Slave) Address register Bit 0
   709: .equ	TWA1	= 2	; TWI (Slave) Address register Bit 1
   710: .equ	TWA2	= 3	; TWI (Slave) Address register Bit 2
   711: .equ	TWA3	= 4	; TWI (Slave) Address register Bit 3
   712: .equ	TWA4	= 5	; TWI (Slave) Address register Bit 4
   713: .equ	TWA5	= 6	; TWI (Slave) Address register Bit 5
   714: .equ	TWA6	= 7	; TWI (Slave) Address register Bit 6
   715: 
   716: 
   717: 
   718: ; ***** LOCKSBITS ********************************************************
   719: .equ	LB1	= 0	; Lock bit
   720: .equ	LB2	= 1	; Lock bit
   721: .equ	BLB01	= 2	; Boot Lock bit
   722: .equ	BLB02	= 3	; Boot Lock bit
   723: .equ	BLB11	= 4	; Boot lock bit
   724: .equ	BLB12	= 5	; Boot lock bit
   725: 
   726: 
   727: ; ***** FUSES ************************************************************
   728: ; LOW fuse bits
   729: .equ	CKSEL0	= 0	; Select Clock Source
   730: .equ	CKSEL1	= 1	; Select Clock Source
   731: .equ	CKSEL2	= 2	; Select Clock Source
   732: .equ	CKSEL3	= 3	; Select Clock Source
   733: .equ	BODEN	= 6	; Brown out detector enable
   734: .equ	BODLEVEL	= 7	; Brown out detector trigger level
   735: 
   736: ; HIGH fuse bits
   737: .equ	BOOTRST	= 0	; Select Reset Vector
   738: .equ	BOOTSZ0	= 1	; Select Boot Size
   739: .equ	BOOTSZ1	= 2	; Select Boot Size
   740: .equ	EESAVE	= 3	; EEPROM memory is preserved through chip erase
   741: .equ	SPIEN	= 5	; Enable Serial programming and Data Downloading
   742: .equ	JTAGEN	= 6	; Enable JTAG
   743: .equ	OCDEN	= 7	; Enable OCD
   744: 
   745: 
   746: 
   747: ; ***** CPU REGISTER DEFINITIONS *****************************************
   748: .def	XH	= r27
   749: .def	XL	= r26
   750: .def	YH	= r29
   751: .def	YL	= r28
   752: .def	ZH	= r31
   753: .def	ZL	= r30
   754: 
   755: 
   756: 
   757: ; ***** DATA MEMORY DECLARATIONS *****************************************
   758: .equ	FLASHEND	= 0x3fff	; Note: Word address
   759: .equ	IOEND	= 0x003f
   760: .equ	SRAM_START	= 0x0060
   761: .equ	SRAM_SIZE	= 2048
   762: .equ	RAMEND	= 0x085f
   763: .equ	XRAMEND	= 0x0000
   764: .equ	E2END	= 0x03ff
   765: .equ	EEPROMEND	= 0x03ff
   766: .equ	EEADRBITS	= 10
   767: #pragma AVRPART MEMORY PROG_FLASH 32768
   768: #pragma AVRPART MEMORY EEPROM 1024
   769: #pragma AVRPART MEMORY INT_SRAM SIZE 2048
   770: #pragma AVRPART MEMORY INT_SRAM START_ADDR 0x60
   771: 
   772: 
   773: 
   774: ; ***** BOOTLOADER DECLARATIONS ******************************************
   775: .equ	NRWW_START_ADDR	= 0x3800
   776: .equ	NRWW_STOP_ADDR	= 0x3fff
   777: .equ	RWW_START_ADDR	= 0x0
   778: .equ	RWW_STOP_ADDR	= 0x37ff
   779: .equ	PAGESIZE	= 64
   780: .equ	FIRSTBOOTSTART	= 0x3f00
   781: .equ	SECONDBOOTSTART	= 0x3e00
   782: .equ	THIRDBOOTSTART	= 0x3c00
   783: .equ	FOURTHBOOTSTART	= 0x3800
   784: .equ	SMALLBOOTSTART	= FIRSTBOOTSTART
   785: .equ	LARGEBOOTSTART	= FOURTHBOOTSTART
   786: 
   787: 
   788: 
   789: ; ***** INTERRUPT VECTORS ************************************************
   790: .equ	INT0addr	= 0x0002	; External Interrupt Request 0
   791: .equ	INT1addr	= 0x0004	; External Interrupt Request 1
   792: .equ	INT2addr	= 0x0006	; External Interrupt Request 2
   793: .equ	OC2addr	= 0x0008	; Timer/Counter2 Compare Match
   794: .equ	OVF2addr	= 0x000a	; Timer/Counter2 Overflow
   795: .equ	ICP1addr	= 0x000c	; Timer/Counter1 Capture Event
   796: .equ	OC1Aaddr	= 0x000e	; Timer/Counter1 Compare Match A
   797: .equ	OC1Baddr	= 0x0010	; Timer/Counter1 Compare Match B
   798: .equ	OVF1addr	= 0x0012	; Timer/Counter1 Overflow
   799: .equ	OC0addr	= 0x0014	; Timer/Counter0 Compare Match
   800: .equ	OVF0addr	= 0x0016	; Timer/Counter0 Overflow
   801: .equ	SPIaddr	= 0x0018	; Serial Transfer Complete
   802: .equ	URXCaddr	= 0x001a	; USART, Rx Complete
   803: .equ	UDREaddr	= 0x001c	; USART Data Register Empty
   804: .equ	UTXCaddr	= 0x001e	; USART, Tx Complete
   805: .equ	ADCCaddr	= 0x0020	; ADC Conversion Complete
   806: .equ	ERDYaddr	= 0x0022	; EEPROM Ready
   807: .equ	ACIaddr	= 0x0024	; Analog Comparator
   808: .equ	TWIaddr	= 0x0026	; 2-wire Serial Interface
   809: .equ	SPMRaddr	= 0x0028	; Store Program Memory Ready
   810: 
   811: .equ	INT_VECTORS_SIZE	= 42	; size in words
   812: 
   813: #endif  /* _M32ADEF_INC_ */
   814: 
   815: ; ***** END OF FILE ******************************************************
   816: 
  Continuing file ish.asm
     2: .include "LCD_macro.inc"
  Including file LCD_macro.inc
     1: ;===============================================================================================
     2: ; LCD Init
     3: 			.equ 	LCD_CLR          	= 0      ; DB0: clear display
     4: 			.equ 	LCD_HOME         	= 1      ; DB1: return to home position
     5: 
     6: 			.equ  	LCD_ENTRY_MODE   	= 2      ; DB2: set entry mode
     7: 			.equ 	LCD_ENTRY_INC    	= 1      ;   DB1: increment
     8: 			.equ 	LCD_ENTRY_SHIFT  	= 0      ;   DB2: shift
     9: 
    10: 			.equ 	LCD_ON		      	= 3      ; DB3: turn lcd/cursor on
    11: 			.equ  	LCD_ON_DISPLAY   	= 2      ;   DB2: turn display on
    12: 			.equ  	LCD_ON_CURSOR     	= 1      ;   DB1: turn cursor on
    13: 			.equ  	LCD_ON_BLINK      	= 0      ;   DB0: blinking cursor
    14: 
    15: 			.equ  	LCD_MOVE          	= 4      ; DB4: move cursor/display
    16: 			.equ 	LCD_MOVE_DISP       = 3      ;   DB3: move display (0-> move cursor)
    17: 			.equ  	LCD_MOVE_RIGHT      = 2      ;   DB2: move right (0-> left)
    18: 
    19: 			.equ  	LCD_F		        = 5      ; DB5: function set
    20: 			.equ 	LCD_F_8B		   	= 4      ;   DB4: set 8BIT mode (0->4BIT mode)
    21: 			.equ  	LCD_F_2L			= 3      ;   DB3: two lines (0->one line)
    22: 			.equ  	LCD_F_10D			= 2      ;   DB2: 5x10 font (0->5x8 font)
    23: 			.equ  	LCD_CGRAM           = 6      ; DB6: set CG RAM address
    24: 			.equ  	LCD_DDRAM           = 7      ; DB7: set DD RAM address
    25:  
    26: 			.equ	SCR_L				= 0b00011000
    27: 			.equ	SCR_R				= 0b00011100
    28: 			
    29: 			.equ	CUR_L				= 0b00010000 
    30: 			.equ	CUR_R				= 0b00010100
    31: 			
    32: 
    33: 
    34: 
    35: ;===============================================================================================
    36: ;Write Data
    37: 			.MACRO	WR_DATA
    38: 			MOV		R17,@0
    39: 			RCALL	DATA_WR
    40: 			.ENDM
    41: 
    42: ;===============================================================================================
    43: ;Write Data I
    44: 			.MACRO	WR_DATAI
    45: 			LDI		R17,@0
    46: 			RCALL	DATA_WR
    47: 			.ENDM
    48: 
    49: 
    50: ;==============================================================================================
    51: 
    52: ;Write CMD
    53: 			.MACRO	WR_CMD
    54: 			LDI		R17,@0
    55: 			RCALL	CMD_WR
    56: 			.ENDM
    57: ;===============================================================================================
    58: ; Read Data
    59: 			.MACRO	RD_DATA
    60: 			RCALL	DATA_RD
    61: 			.ENDM
    62: ;===============================================================================================
    63: ; Init Config
    64: 			.MACRO	INIT_LCD
    65: 			RCALL	InitHW
    66: 			WR_CMD	(1<<LCD_F)|(1<<LCD_F_8B)|(1<<LCD_F_2L)									;0x38
    67: 			WR_CMD	(1<<LCD_CLR)															;0x01
    68: 			WR_CMD	(1<<LCD_ENTRY_MODE)|(1<<LCD_ENTRY_INC)									;0x06
    69: 			WR_CMD	(1<<LCD_ON)|(1<<LCD_ON_DISPLAY)|(0<<LCD_ON_CURSOR)|(0<<LCD_ON_BLINK)	;0x0C
    70: 			WR_CMD	(1<<LCD_HOME)															;0x02
    71: 			.ENDM
    72: ;===============================================================================================
    73: ; Read CMD
    74: 			.MACRO	RD_CMD
    75: 			RCALL	CMD_RD
    76: 			.ENDM
    77: ;===============================================================================================
    78: ; Set DATA Port OUT
    79: 			.MACRO LCD_PORT_OUT
    80: 			LDI		R16,0xFF
    81: 			OUT		DATA_DDR,R16
    82: 			.ENDM
    83: ;===============================================================================================
    84: ; Set DATA Port IN
    85: 			.MACRO LCD_PORT_IN
    86: 			RCALL	PortIn
    87: 			.ENDM
    88: 
    89: ;===============================================================================================
    90: ;Set COORD
    91: ;Syntax LCD_COORD X,Y
    92: 			.MACRO LCD_COORD
    93: 			LDI R17,@1
    94: 			ORI R17,0
    95: 			BRNE LCD_COORD_2
    96: 			LDI	R17,(1<<LCD_DDRAM)|(@0)
    97: 			RJMP	LCD_COORD_END
    98: 
    99: LCD_COORD_2:		CPI R17,1
   100: 			BRNE LCD_COORD_3
   101: 			LDI	R17,(1<<LCD_DDRAM)|(@0+0x40)		
   102: 			RJMP	LCD_COORD_END
   103: 
   104: LCD_COORD_3:	CPI R17,2
   105: 			BRNE LCD_COORD_4
   106: 			LDI	R17,(1<<LCD_DDRAM)|(@0+0x14)		
   107: 			RJMP	LCD_COORD_END
   108: 
   109: LCD_COORD_4:	LDI	R17,(1<<LCD_DDRAM)|(@0+0x54)
   110: 
   111: LCD_COORD_END:		RCALL	CMD_WR
   112: 			.ENDM
   113: ;===============================================================================================
   114: ;Shift SCREEN/CURSOR
   115: 			.MACRO	SHIFT
   116: 			LDI		R17,@0
   117: 			RCALL	CMD_WR
   118: 			.ENDM
   119: 
   120: ;===============================================================================================
   121: ;LCD Clear
   122: 
   123: 			.MACRO	LCDCLR
   124: 			LDI 	R17,(1<<LCD_CLR)
   125: 			RCALL	CMD_WR
   126: 			.ENDM
   127: 
   128: ;===============================================================================================
   129: ;Write CGRAM
   130: 
   131: 			.MACRO WR_CGADR
   132: 			LDI		R17,(1<<LCD_CGRAM)|(@0)
   133: 			RCALL	CMD_WR
   134: 			.ENDM
   135: 
   136: ;Write DDRAM
   137: 			.MACRO WR_DDADR
   138: 			LDI		R17,(1<<LCD_DDRAM)|(@0)
   139: 			RCALL	CMD_WR
   140: 			.ENDM
  Continuing file ish.asm
     3: .def	Td=R24
     4: .equ	Cool=PC0
     5: 
     6: .cseg
     7: .org 0
     8: 000000   E50F  ldi R16,low(RAMEND) ;РёРЅРёС†РёР°Р»РёР·Р°С†РёСЏ СЃС‚РµРєР°
     9: 000001   BF0D  out SPL,R16
    10: 000002   E008  ldi R16,high(RAMEND)
    11: 000003   BF0E  out SPH, R16
    12: 
    13: 000004   E001  ldi R16,1<<Cool	;РЅР°СЃС‚СЂРѕР№РєР° РїРѕСЂС‚Р° C
    14: 000005   BB04  out DDRC,R16
    15: 	
    16: 000006   E083  ldi Td,3
    17: 
    18: 	
    19: 	INIT_LCD
    20: 	LCD_COORD 0,0
    21: 000021   E504  LDI R16,'T'
    22: 	WR_DATA R16
    23: 000024   E604  LDI R16,'d'
    24: 	WR_DATA R16
    25: 
    26: 	LCD_COORD 0,1
    27: 000036   E504  LDI R16,'T'
    28: 	WR_DATA R16
    29: 000039   E603  LDI R16,'c'
    30: 	WR_DATA R16
    31: 
    32: 	LCD_COORD 2,0
    33: 
    34: 00004B   C088  RJMP Begin
    35: 
    36: 	.include "LCD.asm"
  Including file LCD.asm
     1: ;=========== LCD Define ==================================================================
     2: 			.equ	DATA_PORT	= PORTB	; LCD Data Port
     3: 			.equ	DATA_PIN	= PINB
     4: 			.equ	DATA_DDR	= DDRB
     5: 
     6: 			.equ	CMD_PORT	= PORTA	; LCD Control Port
     7: 			.equ	CMD_PIN		= PINA
     8: 			.equ	CMD_DDR		= DDRA
     9: 
    10: 			.equ	E		= 3
    11: 			.equ	RW		= 2
    12: 			.equ	RS		= 1
    13: 
    14: 			.equ	SPEED	= 14	; 14 для XTAL=16MHz, 10 для XTAL=8MHz,  
    15: 									; 6 для XTAL=4MHz, 5 для XTAL<4MHz
    16: ;=========================================================================================
    17: ;=========== LCD Proc ====================================================================
    18: 00004C   98D9  CBI		CMD_PORT,RS
    19: 00004D   98DA  CBI		CMD_PORT,RW
    20: 00004E   98DB  CBI		CMD_PORT,E
    21: 
    22: 00004F   9AD1  SBI		CMD_DDR,RS
    23: 000050   9AD2  SBI		CMD_DDR,RW
    24: 000051   9AD3  SBI		CMD_DDR,E
    25: 			
    26: 			LCD_PORT_IN
    27: 000053   9508  RET
    28: 
    29: ;=========================================================================================
    30: BusyWait:	;LCD_PORT_IN
    31: 000054   98D9  CBI		CMD_PORT,RS
    32: 000055   9ADA  SBI		CMD_PORT,RW
    33: 000056   9ADB  SBI		CMD_PORT,E
    34: 			
    35: 000057   D029  RCALL	LCD_Delay
    36: 
    37: 000058   98DB  CBI		CMD_PORT,E
    38: 
    39: 000059   B306  IN		R16,DATA_PIN
    40: 00005A   7800  ANDI	R16,0x80
    41: 
    42: 00005B   F7D1  BRNE	BusyLoop
    43: 00005C   9508  RET
    44: ;=========================================================================================
    45: ; Запись команды в дисплей. Код команды в R17
    46: 00005D   94F8  CLI
    47: 00005E   DFF5  RCALL	BusyWait
    48: 
    49: 00005F   98D9  CBI		CMD_PORT,RS
    50: 000060   C003  RJMP	WR_END
    51: 
    52: ;-----------------------------------------------------------------------------------------
    53: ; Запись данных в дисплей. Код данных в R17
    54: 000061   94F8  CLI
    55: 000062   DFF1  RCALL	BusyWait
    56: 			
    57: 000063   9AD9  SBI		CMD_PORT,RS
    58: 000064   98DA  CBI		CMD_PORT,RW			
    59: 000065   9ADB  SBI		CMD_PORT,E	
    60: 			
    61: 			LCD_PORT_OUT
    62: 000068   BB18  OUT		DATA_PORT,R17
    63: 
    64: 000069   D017  RCALL	LCD_Delay
    65: 
    66: 00006A   98DB  CBI		CMD_PORT,E
    67: 			LCD_PORT_IN		
    68: 
    69: 00006C   9478  SEI
    70: 00006D   9508  RET
    71: 
    72: ;=========================================================================================
    73: ; Чтение команды из дисплея. Результат в R17
    74: 00006E   94F8  CLI
    75: 00006F   DFE4  RCALL	BusyWait
    76: 		;	LCD_PORT_IN					;
    77: 
    78: 000070   98D9  CBI		CMD_PORT,RS
    79: 			
    80: 000071   C003  RJMP	RD_END
    81: 
    82: ;-----------------------------------------------------------------------------------------
    83: ; Чтение команды из дисплея. Результат в R17
    84: 000072   94F8  CLI
    85: 000073   DFE0  RCALL	BusyWait
    86: 		;	LCD_PORT_IN					;
    87: 
    88: 000074   9AD9  SBI		CMD_PORT,RS
    89: 000075   9ADA  SBI		CMD_PORT,RW
    90: 
    91: 000076   9ADB  SBI		CMD_PORT,E
    92: 000077   D009  RCALL	LCD_Delay
    93: 000078   B316  IN		R17,DATA_PIN
    94: 000079   98DB  CBI		CMD_PORT,E
    95: 			
    96: 00007A   9478  SEI
    97: 00007B   9508  RET
    98: 
    99: ;=========================================================================================
   100: 00007C   E000  LDI		R16,0			; LCD Data Port
   101: 00007D   BB07  OUT		DATA_DDR,R16	; Выставить на вход
   102: 
   103: 00007E   EF0F  LDI		R16,0xFF		; Установить подтяжку
   104: 00007F   BB08  OUT		DATA_PORT,R16
   105: 000080   9508  RET		
   106: ;=========================================================================================	
   107: 000081   E00E  LDI		R16,SPEED
   108: 000082   950A  DEC		R16
   109: 000083   F7F1  BRNE	L_loop
   110: 000084   9508  RET
   111: 
   112: ; Fill Screen ============================================================================
  Continuing file ish.asm
    37: 	.include "1-wire.asm"
  Including file 1-wire.asm
     1: ;------------------------------------------------------------------------------
     2: ; http://avr-mcu.dxp.pl
     3: ; (c) Radoslaw Kwiecien, 2008
     4: ; 
     5: ; Перевод StarXXX, http://hardisoft.ru, 2009
     6: ;------------------------------------------------------------------------------
     7: 
     8: 
     9: 
    10: ;------------------------------------------------------------------------------
    11: ; Начальные установки для реализации протокола 1-Wire
    12: ;------------------------------------------------------------------------------
    13: .equ	OW_PORT	= PORTA				; Порт МК, где висит 1-Wire
    14: .equ	OW_PIN	= PINA				; Порт МК, где висит 1-Wire
    15: .equ	OW_DDR	= DDRA				; Порт МК, где висит 1-Wire
    16: .equ	OW_DQ	= PA0				; Ножка порта, где висит 1-Wire
    17: 
    18: .def	OWCount = r17				; Счетчик
    19: ;------------------------------------------------------------------------------
    20: 
    21: 
    22: .cseg
    23: 
    24: .include 	"wait.asm"			; Подключаем модуль временных задержек
  Including file wait.asm
     1: ;------------------------------------------------------------------------------
     2: ; Busy-wait loops utilities module
     3: ; For F_CPU >= 4MHz
     4: ; http://avr-mcu.dxp.pl
     5: ; (c) Radoslaw Kwiecien, 2008
     6: ; 
     7: ; Перевод StarXXX, http://hardisoft.ru, 2009
     8: ;------------------------------------------------------------------------------
     9: 
    10: ;------------------------------------------------------------------------------
    11: ; Модуль временных задержек
    12: ;
    13: ; !!! Для работы модуля необходимо объявить константу F_CPU равную тактовой частоте в герцах !!!
    14: ;
    15: ; !!! задержки действительны для тактовой частоты >= 4 МГц !!!
    16: 
    17: 
    18: ; задержки приблизительны! Чем больше задержка, тем точнее,
    19: ; т.е. при частоте 4МГц задержка в 1 микросекунду, учитывая время вызова подпрограммы и возврата из нее составит 2,5 микросекунды
    20: ; задержка в 10 микросекунд составит 11,5 микросекунд
    21: ; задержка в 100 мкс на самом деле будет 101,5 мкс
    22: ; тоесть, к каждой задержке добавится 1,5 мкс - это время на вызов подпрограммы и на выход из нее
    23: ;------------------------------------------------------------------------------
    24: 
    25: 
    26: 
    27: 		; вычисляет величину для указанного времени в микросекундах, которую нужно передать Wait4xCycles чтобы получить желаемую задержку
    28: 
    29: ;--------------------------------------------------------------------------------------------------------------
    30: ; Подпрограмма задержки. В цикле отъедается 4 такта на каждую итерацию, кроме последней. В последней - 3 такта.
    31: ; Итого, для получения нужной задержки в микросекундах надо вызывать эту функцию предварительно
    32: ; обработав параметр макросом DVUS:
    33: ;	ldi    XH, HIGH(DVUS(500))
    34: ; 	ldi    XL, LOW(DVUS(500))
    35: ; 	rcall  Wait4xCycles ; пауза 500 микросекунд
    36: ;--------------------------------------------------------------------------------------------------------------
    37: ; Input : XH:XL - number of CPU cycles to wait (divided by four)
    38: ;--------------------------------------------------------------------------------------------------------------
    39: Wait4xCycles:
    40: 000085   9711  sbiw	XH:XL, 1			; 2 такта
    41: 000086   F7F1  brne	Wait4xCycles		; 1/2
    42: 000087   9508  ret							; 4
    43: 
    44: 
    45: ;------------------------------------------------------------------------------
    46: ; Подпрограмма генерирует необходимую задержку в милисекундах
    47: ; На входе: r16 = количество милисекунд
    48: ;------------------------------------------------------------------------------
    49: ; Input : r16 - number of miliseconds to wait
    50: ;------------------------------------------------------------------------------
    51: WaitMiliseconds:
    52: 000088   930F  push 	r16
    53: WaitMsLoop: 
    54: 000089   E0B7  ldi    XH,HIGH(4*(500))
    55: 00008A   EDA0  ldi    XL,LOW(4*(500))
    56: 00008B   DFF9  rcall  Wait4xCycles
    57: 00008C   E0B7  ldi    XH,HIGH(4*(500))
    58: 00008D   EDA0  ldi    XL,LOW(4*(500))
    59: 00008E   DFF6  rcall  Wait4xCycles
    60: 00008F   950A  dec    r16
    61: 000090   F7C1  brne   WaitMsLoop
    62: 000091   910F  pop    r16
    63: 000092   9508  ret
    64: ;------------------------------------------------------------------------------
    65: ; End of file
    66: ;------------------------------------------------------------------------------
  Continuing file 1-wire.asm
    25: 
    26: 
    27: 
    28: ;------------------------------------------------------------------------------
    29: ; СБРОС
    30: ; Каждая передача по протоколу 1-Wire начинается с сигнала Reset.
    31: ; После вызова этой процедуры в флаге Т регистра SGER содержится бит 
    32: ; присутствия: 1 - если на шине нет устройств, 0 - если есть
    33: ;------------------------------------------------------------------------------
    34: ; Output : T - presence bit
    35: ;------------------------------------------------------------------------------
    36: OWReset:
    37: 000093   98D8  cbi		OW_PORT,OW_DQ		; Выводим в порт 0
    38: 000094   9AD0  sbi		OW_DDR,OW_DQ		; Переключаем порт на вывод
    39: 
    40: 000095   E0B7  ldi		XH, HIGH(4*(500))	; Ждем 470 микросекунд при придавленной в 0 линии. Это и есть импульс сброса.
    41: 000096   EDA0  ldi		XL, LOW(4*(500))
    42: 000097   DFED  rcall		Wait4xCycles
    43: 	
    44: 000098   98D0  cbi		OW_DDR,OW_DQ		; Переключаем порт на ввод
    45: 
    46: 000099   E0B1  ldi		XH, HIGH(4*(70))	; выжидаем 70 мкс (необходимое минимальное время реакции устройств на сброс)
    47: 00009A   E1A8  ldi		XL, LOW(4*(70))
    48: 00009B   DFE9  rcall		Wait4xCycles
    49: 
    50: 00009C   9468  set							; Устанавливаем флаг Т в 1
    51: 00009D   9BC8  sbis	OW_PIN,OW_DQ		; Если на линии после паузы осталась 1, значит устройств 1-Wire на ней нет. Пропускаем след. команду
    52: 00009E   94E8  clt							; Линия была в 0 - значит на ней кто-то есть, и ответил нам импульсом PRESENCE
    53: 
    54: 00009F   E0B3  ldi		XH, HIGH(4*(240))	; Пауза 240 мкс после сброса
    55: 0000A0   ECA0  ldi		XL, LOW(4*(240))
    56: 0000A1   DFE3  rcall		Wait4xCycles
    57: 
    58: 0000A2   9508  ret
    59: 
    60: 
    61: ;------------------------------------------------------------------------------
    62: ; ОТПРАВКА 1 БИТА
    63: ; Эта процедура отправляет 1 бит в линию 1-Wire.
    64: ; Отправляемый бит должен быть помещен в флаг С статусного регистра
    65: ;------------------------------------------------------------------------------
    66: ; Input : C - bit to write
    67: ;------------------------------------------------------------------------------
    68: OWWriteBit:
    69: 0000A3   F418  brcc	OWWriteZero			; Если флаг С = 0, то переход на OWWriteZero
    70: 0000A4   E0B0  ldi		XH, HIGH(4*(1))	; Для посылки 1 линию нужно придавить в 0 всего на 1 мкс
    71: 0000A5   E0A4  ldi		XL, LOW(4*(1))
    72: 0000A6   C002  rjmp	OWWriteOne			; переходим к отправке
    73: OWWriteZero:	
    74: 0000A7   E0B1  ldi		XH, HIGH(4*(120))	; Для посылки 0 линию нужно придавить в 0 на 120 мкс
    75: 0000A8   EEA0  ldi		XL, LOW(4*(120))
    76: OWWriteOne:
    77: 0000A9   9AD0  sbi		OW_DDR, OW_DQ		; Переводим порт на выход, а там уже был 0, соответственно и линия придавливается в 0
    78: 0000AA   DFDA  rcall	Wait4xCycles		; ждем
    79: 0000AB   98D0  cbi		OW_DDR, OW_DQ		; Переводим порт на вход
    80: 	
    81: 0000AC   E0B0  ldi		XH, HIGH(4*(60))	; Должна быть пауза между таймслотами, вообще-то от 1 мкс, но здесь сделали 60 мкс
    82: 0000AD   EFA0  ldi		XL, LOW(4*(60))
    83: 0000AE   DFD6  rcall	Wait4xCycles
    84: 0000AF   9508  ret
    85: 
    86: 
    87: ;------------------------------------------------------------------------------
    88: ; ОТПРАВКА 1 БАЙТА
    89: ; Эта процедура отправляет 1 байт в линию 1-Wire.
    90: ; Отправляемый байт должен быть помещен в регистр r16
    91: ;------------------------------------------------------------------------------
    92: ; Input : r16 - byte to write
    93: ;------------------------------------------------------------------------------
    94: OWWriteByte:
    95: 0000B0   931F  push	OWCount			; Сохраняем регистр счетчика
    96: 0000B1   E010  ldi		OWCount,0		; Взводим в нём нолик
    97: 
    98: OWWriteLoop:				
    99: 0000B2   9507  ror		r16				; Сдвигаем байт вправо через флаг C
   100: 0000B3   DFEF  rcall	OWWriteBit		; отправляем в линию
   101: 0000B4   9513  inc		OWCount			; увеличиваем счетчик
   102: 0000B5   3018  cpi		OWCount,8		; проверяем на 8
   103: 0000B6   F7D9  brne	OWWriteLoop		; если меньше - следующий бит
   104: 0000B7   911F  pop		OWCount			; восстанавливаем регистр-счетчик
   105: 0000B8   9508  ret
   106: 
   107: 
   108: 
   109: ;------------------------------------------------------------------------------
   110: ; ЧТЕНИЕ 1 БИТА
   111: ; Эта процедура читает 1 бит из линии 1-Wire.
   112: ; Принятый бит помещается в флаг С статусного регистра
   113: ;------------------------------------------------------------------------------
   114: ; Output : C - bit from slave
   115: ;------------------------------------------------------------------------------
   116: OWReadBit:
   117: 0000B9   E0B0  ldi		XH, HIGH(4*(1))	; Придавливаем линию в 0 на 1 мкс
   118: 0000BA   E0A4  ldi		XL, LOW(4*(1))
   119: 0000BB   9AD0  sbi		OW_DDR, OW_DQ
   120: 0000BC   DFC8  rcall	Wait4xCycles
   121: 
   122: 0000BD   98D0  cbi		OW_DDR, OW_DQ		; Переводим порт на чтение
   123: 0000BE   E0B0  ldi		XH, HIGH(4*(5))	; ждем 5 мкс
   124: 0000BF   E1A4  ldi		XL, LOW(4*(5))
   125: 0000C0   DFC4  rcall	Wait4xCycles
   126: 
   127: 0000C1   94E8  clt							; Сбрасываем флаг Т
   128: 0000C2   99C8  sbic	OW_PIN,OW_DQ		; Если на линии 0 - то пропускаем следующую команду
   129: 0000C3   9468  set
   130: 
   131: 								; Итак, сейчас в регистре Т полученный бит
   132: 
   133: 0000C4   E0B0  ldi		XH, HIGH(4*(50))	; выжидаем 50 мкс для окончания таймслота
   134: 0000C5   ECA8  ldi		XL, LOW(4*(50))
   135: 0000C6   DFBE  rcall	Wait4xCycles
   136: 								; переносим флаг Т в флаг С
   137: 0000C7   9408  sec
   138: 0000C8   F00E  brts	OWReadBitEnd
   139: 0000C9   9488  clc
   140: 
   141: OWReadBitEnd:
   142: 0000CA   9508  ret
   143: 
   144: 
   145: 
   146: ;------------------------------------------------------------------------------
   147: ; ЧТЕНИЕ 1 БАЙТА
   148: ; Эта процедура читает 1 байт из линии 1-Wire.
   149: ; Принятый байт помещается регистр r16
   150: ;------------------------------------------------------------------------------
   151: ; Output : r16 - byte from slave
   152: ;------------------------------------------------------------------------------
   153: OWReadByte:
   154: 0000CB   931F  push	OWCount			; Сохраняем регистр-счетчик
   155: 0000CC   E010  ldi		OWCount,0		; и обнуляем его
   156: OWReadLoop:
   157: 0000CD   DFEB  rcall	OWReadBit		; читаем бит
   158: 0000CE   9507  ror		r16				; запихиваем его в r16 сдвигом вправо из флага С
   159: 0000CF   9513  inc		OWCount			; увеличиваем счетчик
   160: 0000D0   3018  cpi		OWCount,8		; уже 8?
   161: 0000D1   F7D9  brne	OWReadLoop		; нет - продолжаем считывать
   162: 0000D2   911F  pop		OWCount			; восстанавливаем регистр-счетчик
   163: 0000D3   9508  ret
   164: ;------------------------------------------------------------------------------
   165: ;
   166: ;------------------------------------------------------------------------------
   167: 
   168: 
  Continuing file ish.asm
    38: 
    39: 
    40: 0000D4   2F08  MOV R16, Td	;Р“РѕС‚РѕРІРёРј Рє РїСЂРµРѕР±СЂР°Р·РѕРІР°РЅРёСЋ Td
    41: 0000D5   2711  CLR R17
    42: 0000D6   D07E  rcall NumToASCII
    43: 0000D7   D04B  rcall T_to_screen
    44: 
    45: LCD_COORD 2,1
    46: 
    47: ;|--------------------------------------------------------------
    48: ;Р—РґРµСЃСЊ РѕРїСЂРѕСЃ РєРЅРѕРїРѕРє Рё Р·Р°РїРёСЃСЊ EEPROM
    49: ;|--------------------------------------------------------------
    50: 
    51: 0000E7   DFAB  rcall OWReset
    52: 0000E8   EC0C  ldi R16,0xCC
    53: 0000E9   DFC6  rcall OWWriteByte
    54: 0000EA   E404  ldi R16,0x44
    55: 0000EB   DFC4  rcall OWWriteByte
    56: 0000EC   EF0A  ldi R16,250
    57: 0000ED   DF9A  rcall WaitMiliseconds	; Р–РґР°С‚СЊ 750 РјСЃ
    58: 0000EE   DF99  rcall WaitMiliseconds
    59: 0000EF   DF98  rcall WaitMiliseconds
    60: 
    61: 0000F0   DFA2  rcall OWReset
    62: 0000F1   EC0C  ldi R16,0xCC
    63: 0000F2   DFBD  rcall OWWriteByte
    64: 0000F3   EB0E  ldi R16,0xBE
    65: 0000F4   DFBB  rcall OWWriteByte
    66: 0000F5   2700  clr R16
    67: 0000F6   DFD4  rcall OWReadByte
    68: 0000F7   2F60  MOV R22,R16
    69: 0000F8   DFD2  rcall OWReadByte
    70: 0000F9   2F70  MOV R23,R16
    71: 0000FA   DF98  rcall OWReset
    72: 
    73: 0000FB   D031  rcall t_convert
    74: 0000FC   2F07  MOV R16,R23
    75: 0000FD   2F16  MOV R17,R22
    76: 0000FE   D056  rcall NumToASCII
    77: 0000FF   D023  rcall T_to_screen
    78: LCD_COORD 2,0
    79: 
    80: ;|--------------------------------------------------------------
    81: ;РџСЂРёРЅСЏС‚СЊ СЂРµС€РµРЅРёРµ. Tc РІ R23, Td РІ R24
    82: 00010F   FD87  SBRC R24,7
    83: 000110   C005  rjmp Td_neg
    84: 
    85: 000111   FD77  SBRC R23,7
    86: 000112   C00C  rjmp Cool_OFF
    87: 000113   1787  CP R24,R23
    88: 000114   F030  BRLO Cool_ON
    89: 000115   C009  RJMP Cool_OFF
    90: 
    91: Td_neg:	;Р·Р°РґР°РЅР° С‚РµРјРїРµСЂР°С‚СѓСЂР° РЅРёР¶Рµ 0
    92: 000116   FF77  SBRS R23,7
    93: 000117   C003  RJMP Cool_ON
    94: 000118   1778  CP R23,R24
    95: 000119   F008  BRLO Cool_ON
    96: 00011A   C004  RJMP Cool_OFF
    97: 
    98: 00011B   B305  in R16, PortC
    99: 00011C   6001  ORI R16, 1<<Cool
   100: 00011D   BB05  out PortC, R16	;Р’РєР»СЋС‡РёС‚СЊ РѕС…Р»Р°Р¶РґРµРЅРёРµ
   101: 00011E   CFB5  rjmp Begin
   102: 
   103: 00011F   B305  in R16, PortC
   104: 000120   7F0E  ANDI R16, ~(1<<Cool)
   105: 000121   BB05  out PortC, R16	;Р’С‹Р»СЋС‡РёС‚СЊ РѕС…Р»Р°Р¶РґРµРЅРёРµ
   106: 000122   CFB1  rjmp Begin
   107: 
   108: 
   109: 
   110: ;|---------------------------------------------------------------------------
   111: ;| РџСЂРѕС†РµРґСѓСЂР° РІС‹РІРѕРґР° С‚РµРјРїРµСЂР°С‚СѓСЂС‹
   112: ;|---------------------------------------------------------------------------
   113: 000123   E6E0  ldi ZL,Low(NumberInASCII)
   114: 000124   E0F0  ldi ZH,High(NumberInASCII)  ;Р·Р°РіСЂСѓР·РєР° РЅР°С‡Р°Р»СЊРЅРѕРіРѕ Р°РґСЂРµСЃР° РјР°СЃСЃРёРІР°
   115: 000125   E025  LDI R18,5
   116: 
   117: 000126   9101  LD	R16, Z+
   118: 	WR_DATA R16
   119: 000129   952A  DEC R18
   120: 00012A   2322  TST R18
   121: 00012B   F7D1  brne T_Out
   122: 00012C   9508  RET
   123: ;|---------------------------------------------------------------------------
   124: ;|                               END
   125: ;|---------------------------------------------------------------------------
   126: 
   127: 
   128: ;|---------------------------------------------------------------------------
   129: ;| РџСЂРѕС†РµРґСѓСЂР° РїСЂРµРѕР±СЂР°Р·РѕРІР°РЅРёСЏ С‚РµРјРїРµСЂР°С‚СѓСЂС‹
   130: ;| РќР° РІС…РѕРґРµ: РњР»Р°РґС€РёР№ Р±Р°Р№С‚ РІ R22, РЎС‚Р°СЂС€РёР№ Р±Р°Р№С‚ РІ R23
   131: ;| РќР° РІС‹С…РѕРґРµ: РґСЂРѕР±РЅР°СЏ С‡Р°СЃС‚СЊ РІ R22, Р¦РµР»Р°СЏ С‡Р°СЃС‚СЊ СЃРѕ Р·РЅР°РєРѕРј РІ R23
   132: ;|---------------------------------------------------------------------------
   133: 00012D   930F  PUSH R16
   134: 00012E   931F  PUSH R17
   135: 00012F   FF77  SBRS R23,7	;Р•СЃР»Рё С‡РёСЃР»Рѕ РїРѕР»РѕР¶РёС‚РµР»СЊРЅРѕРµ, С‚Рѕ РїРµСЂРµС…РѕРґРёРј Рє РїСЂРµРѕР±СЂР°Р·РѕРІР°РЅРёСЋ РґСЂРѕР±РЅРѕР№ С‡Р°СЃС‚Рё
   136: 000130   C007  rjmp IfPositiv
   137: 000131   2700  CLR R16
   138: 000132   2711  CLR R17
   139: 000133   1B06  SUB R16, R22	;РџРµСЂРµРІРѕРґРёРј РёР· РґРѕРїРѕР»РЅРёС‚РµР»СЊРЅРѕРіРѕ РєРѕРґР°
   140: 000134   0B17  SBC R17, R23
   141: 000135   2F60  MOV R22, R16
   142: 000136   2F71  MOV R23, R17
   143: 000137   6078  ORI R23,1<<3	;СЃС‚Р°РІРёРј Р·РЅР°Рє "-"
   144: 
   145: IfPositiv:
   146: 000138   2F06  mov R16, R22
   147: 000139   9506  lsr R16
   148: 00013A   9506  lsr R16
   149: 00013B   9506  lsr R16
   150: 00013C   9506  lsr R16
   151: 00013D   0F77  lsl R23
   152: 00013E   0F77  lsl R23
   153: 00013F   0F77  lsl R23
   154: 000140   0F77  lsl R23
   155: 000141   2B70  OR R23,R16	;РЎРєР»РµРёРІР°РµРј С†РµР»С‹Рµ С‡Р°СЃС‚Рё РјР»Р°РґС€РµРіРѕ Рё СЃС‚Р°СЂС€РµРіРѕ Р±Р°Р№С‚РѕРІ РІ РѕРґРёРЅ Р±Р°Р№С‚
   156: 
   157: 000142   706F  ANDI R22,0b00001111	;РџСЂРµРѕР±СЂР°Р·СѓРµРј РґСЂРѕР±РЅСѓСЋ С‡Р°СЃС‚СЊ
   158: 000143   2F06  mov R16, R22	;РќСѓР¶РЅРѕ СѓРјРЅРѕР¶РёС‚СЊ РЅР° 10, РґР»СЏ СЌС‚РѕРіРѕ:
   159: 000144   0F00  lsl R16		;РЈРјРЅРѕР¶Р°РµРј РЅР° 2
   160: 000145   0F66  lsl R22
   161: 000146   0F66  lsl R22
   162: 000147   0F66  lsl R22		;РЈРјРЅРѕР¶Р°РµРј РЅР° 8
   163: 000148   0F60  ADD R22,R16	;РЎРєР»Р°РґС‹РІР°РµРј Рё СѓРјРЅРѕР¶РµРЅРёРµ РЅР° 10 РіРѕС‚РѕРІРѕ
   164: 000149   9566  lsr R22
   165: 00014A   9566  lsr R22
   166: 00014B   9566  lsr R22
   167: 00014C   9566  lsr R22		;Р”РµР»РёРј РЅР° 16
   168: 00014D   3870  CPI R23, 1<<7	;РџСЂРѕРІРµСЂРєР° РЅР° -0, РµСЃР»Рё -0.0 РЅР°РґРѕ СѓР±СЂР°С‚СЊ РјРёРЅСѓСЃ
   169: 00014E   F419  BRNE end_t_convert
   170: 00014F   2366  TST R22		;РџСЂРѕРІРµСЂРєР° РЅР° -0.0
   171: 000150   F409  BRNE end_t_convert
   172: 000151   2777  CLR R23
   173: 
   174: end_t_convert:
   175: 000152   911F  POP R17
   176: 000153   910F  POP R16
   177: 000154   9508  RET
   178: ;|---------------------------------------------------------------------------
   179: ;|                               END
   180: ;|---------------------------------------------------------------------------
   181: 
   182: ;|---------------------------------------------------------------------------
   183: ;| РџСЂРѕС†РµРґСѓСЂР° СЂР°Р·Р±РёРІРєРё Р±Р°Р№С‚Р° РЅР° РґРµСЃСЏС‚РёС‡РЅС‹Рµ СЂР°Р·СЂСЏРґС‹ СЃ РїСЂРµРѕР±СЂР°Р·РѕРІР°РЅРёРµРј РІ ASCII
   184: ;| РўР°РєР¶Рµ РµСЃР»Рё 7Р№ Р±РёС‚ R16 = 1, С‚Рѕ РІС‹РІРѕРґРёС‚СЃСЏ Р·РЅР°Рє "-"
   185: ;| РќР° РІС…РѕРґРµ: С†РµР»Р°СЏ С‡Р°СЃС‚СЊ РІ R16
   186: ;|         РґСЂРѕР±РЅР°СЏ С‡Р°СЃС‚СЊ РІ R17
   187: ;| РќР° РІС‹С…РѕРґРµ: Р’ NumberInASCII - СЃС‚Р°СЂС€РёР№ СЂР°Р·СЂСЏРґ РёР»Рё "-",
   188: ;| РІ NumberInASCII+1 - СЃСЂРµРґРЅРёР№ СЂР°Р·СЂСЏРґ РёР»Рё "-",
   189: ;| РІ NumberInASCII+2 - РјР»Р°РґС€РёР№ СЂР°Р·СЂСЏРґ
   190: ;| РІ NumberInASCII+3 - СЃРёРјРІРѕР» С‚РѕС‡РєРё
   191: ;| РІ NumberInASCII+4 - РґСЂРѕР±РЅР°СЏ С‡Р°СЃС‚СЊ
   192: ;| РўР°РєР¶Рµ РёСЃРїРѕР»СЊР·СѓРµС‚СЃСЏ С„Р»Р°Рі Рў
   193: ;|---------------------------------------------------------------------------
   194: 000155   94E8  CLT		;СЃР±СЂР°СЃС‹РІР°РµРј С„Р»Р°Рі T
   195: 000156   930F  PUSH R16
   196: 000157   932F  PUSH R18
   197: 000158   931F  PUSH R17
   198: 000159   2711  CLR R17
   199: 00015A   2722  CLR R18
   200: 00015B   FF07  SBRS R16,7	;Р•СЃР»Рё С‡РёСЃР»Рѕ РїРѕР»РѕР¶РёС‚РµР»СЊРЅРѕРµ, С‚Рѕ РїРµСЂРµС…РѕРґРёРј Рє РїСЂРµРѕР±СЂР°Р·РѕРІР°РЅРёСЋ
   201: 00015C   C002  rjmp not_neg
   202: 00015D   9468  SET		; Р§РёСЃР»Рѕ РѕС‚СЂРёС†Р°С‚РµР»СЊРЅРѕРµ, СЃС‚Р°РІРёРј С„Р»Р°Рі Рў
   203: 00015E   770F  ANDI R16, 0b01111111	; РЈР±РёСЂР°РµРј РёР· С‡РёСЃР»Р° Р·РЅР°Рє -
   204: 00015F   3604  CPI R16, 100
   205: 000160   F018  BRLO LoTh100 ;РµСЃР»Рё РјРµРЅСЊС€Рµ 100
   206: 000161   5604  SUBI R16, 100
   207: 000162   9523  INC R18
   208: 000163   CFFB  RJMP not_neg
   209: 
   210: 
   211: 000164   2322  TST R18
   212: 000165   F431  BRNE R1NZ ; Р Р°Р·СЂСЏРґ 1 РЅРµ РЅРѕР»СЊ
   213: 000166   6012  ORI R17, 1<<1; Р—Р°РїРѕРјРёРЅР°РµРј С‡С‚Рѕ СЃС‚Р°СЂС€РёР№ СЂР°Р·СЂСЏРґ "РџСЂРѕР±РµР»", РІРґСЂСѓРі РїСЂРёРіРѕРґРёС‚СЃСЏ :-)
   214: 000167   E220  LDI R18, 0x20	;Р—Р°РіСЂСѓР¶Р°РµРј СЃРёРјРІРѕР» РїСЂРѕР±РµР»Р°
   215: 000168   9320  STS NumberInASCII, R18
        000169   0060
   216: 00016A   2722  CLR R18
   217: 00016B   C004  RJMP CalcDec
   218: 
   219: 00016C   5D20  SUBI R18, (-48)	; РџСЂРёР±Р°РІР»СЏРµРј 48 РґР»СЏ РїРѕР»СѓС‡РµРЅРёСЏ СЃРёРјРІРѕР»Р°
   220: 00016D   9320  STS NumberInASCII, R18
        00016E   0060
   221: 00016F   2722  CLR R18
   222: 
   223: 000170   300A  CPI R16, 10	;РЎС‡РёС‚Р°РµРј РґРµСЃСЏС‚РєРё
   224: 000171   F018  BRLO LoTh10 ;РµСЃР»Рё РјРµРЅСЊС€Рµ 10
   225: 000172   500A  SUBI R16, 10
   226: 000173   9523  INC R18
   227: 000174   CFFB  RJMP CalcDec
   228: 
   229: 000175   2322  TST R18
   230: 000176   F441  BRNE R2NZ ; Р Р°Р·СЂСЏРґ 2 РЅРµ РЅРѕР»СЊ
   231: 000177   FF11  SBRS R17,1	;Р•СЃР»Рё РїРµСЂРІС‹Р№ СЂРµРіРёСЃС‚СЂ РЅРµ 0, С‚РѕРіРґР° Р·Р°РїРёСЃС‹РІР°РµРј 0 Р° РЅРµ РїСЂРѕР±РµР»
   232: 000178   C006  rjmp R2NZ
   233: 
   234: 000179   6011  ORI R17, 1<<0; Р—Р°РїРѕРјРёРЅР°РµРј С‡С‚Рѕ СЃСЂРµРґРЅРёР№ СЂР°Р·СЂСЏРґ =0, РІРґСЂСѓРі РїСЂРёРіРѕРґРёС‚СЃСЏ :-)
   235: 00017A   E220  LDI R18, 0x20	;Р—Р°РіСЂСѓР¶Р°РµРј СЃРёРјРІРѕР» РїСЂРѕР±РµР»Р°
   236: 00017B   9320  STS NumberInASCII+1, R18
        00017C   0061
   237: 00017D   2722  CLR R18
   238: 00017E   C004  RJMP CalcOne
   239: 
   240: 00017F   5D20  SUBI R18, (-48)	; РџСЂРёР±Р°РІР»СЏРµРј 48 РґР»СЏ РїРѕР»СѓС‡РµРЅРёСЏ СЃРёРјРІРѕР»Р°
   241: 000180   9320  STS NumberInASCII+1, R18
        000181   0061
   242: 000182   2722  CLR R18
   243: 
   244: 000183   5D00  SUBI R16, (-48)	; РџСЂРёР±Р°РІР»СЏРµРј 48 РґР»СЏ РїРѕР»СѓС‡РµРЅРёСЏ СЃРёРјРІРѕР»Р°
   245: 000184   9300  STS NumberInASCII+2, R16
        000185   0062
   246: 
   247: 000186   F45E  BRTC EndNTA	;РџСЂРѕРІРµСЂРєР° РЅР° -, РµСЃР»Рё РјРёРЅСѓСЃР° РЅРµС‚ - Р·Р°РєР°РЅС‡РёРІР°РµРј
   248: 000187   FF10  SBRS R17,0	;Р•СЃР»Рё РІС‚РѕСЂРѕР№ СЂР°Р·СЂСЏРґ РЅРµ 0, С‚РѕРіРґР° Р·Р°РїРёСЃС‹РІР°РµРј 0 Р° РЅРµ РїСЂРѕР±РµР»
   249: 000188   C005  rjmp R1IsZ
   250: 
   251: 000189   94E8  CLT
   252: 00018A   E22D  LDI R18, 0x2D	;Р—Р°РіСЂСѓР¶Р°РµРј СЃРёРјРІРѕР» РјРёРЅСѓСЃР°
   253: 00018B   9320  STS NumberInASCII+1, R18	; РїРёС€РµРј РјРёРЅСѓСЃ РІРѕ РІС‚РѕСЂРѕР№ СЂР°Р·СЂСЏРґ
        00018C   0061
   254: 00018D   C004  RJMP EndNTA
   255: 
   256: 
   257: 00018E   94E8  CLT
   258: 00018F   E22D  LDI R18, 0x2D	;Р—Р°РіСЂСѓР¶Р°РµРј СЃРёРјРІРѕР» РјРёРЅСѓСЃР°
   259: 000190   9320  STS NumberInASCII, R18	;Р’ РїРµСЂРІС‹Р№ СЂР°Р·СЂСЏРґ
        000191   0060
   260: 
   261: EndNTA:
   262: 
   263: 000192   911F  POP R17	;Р’С‹РІРѕРґ РґСЂРѕР±РЅРѕР№ С‡Р°СЃС‚Рё
   264: 000193   E22E  LDI R18, 0x2E	;Р—Р°РіСЂСѓР¶Р°РµРј СЃРёРјРІРѕР» С‚РѕС‡РєРё
   265: 000194   9320  STS NumberInASCII+3, R18	; РїРёС€РµРј РјРёРЅСѓСЃ РІРѕ РІС‚РѕСЂРѕР№ СЂР°Р·СЂСЏРґ
        000195   0063
   266: 000196   5D10  SUBI R17, (-48)	; РџСЂРёР±Р°РІР»СЏРµРј 48 РґР»СЏ РїРѕР»СѓС‡РµРЅРёСЏ СЃРёРјРІРѕР»Р°
   267: 000197   9310  STS NumberInASCII+4, R17
        000198   0064
   268: 
   269: 
   270: 
   271: 
   272: 000199   912F  POP R18
   273: 00019A   910F  POP R16
   274: 00019B   9508  RET
   275: ;|---------------------------------------------------------------------------
   276: ;|                               END
   277: ;|---------------------------------------------------------------------------
   278: 
   279: 
   280: 
   281: .DSEG
   282: NumberInASCII:	.byte	5
   283: 
 -> Warning 011: C-style instructions in file, lines ignored!
 -> Warning 001: 13 symbol(s) defined, but not used!

Program             :      412 words.
Constants           :        0 words.
Total program memory:      412 words.
Eeprom space        :        0 bytes.
Data segment        :        5 bytes.
Compilation completed, no errors.
Compilation endet 27.02.2015, 18:56:40
