gavrasm Gerd's AVR assembler version 3.4 (C)2014 by DG4FAC
----------------------------------------------------------
Source file: ish.asm
Hex file:    ish.hex
Eeprom file: ish.eep
Compiled:    12.02.2015, 19:27:37
Pass:        2
     1: .include "/home/marik/Project/tn2313Adef.inc"
  Including file /home/marik/Project/tn2313Adef.inc
     1: ;***** THIS IS A MACHINE GENERATED FILE - DO NOT EDIT ********************
     2: ;***** Created: 2011-02-09 12:04 ******* Source: ATtiny2313A.xml *********
     3: ;*************************************************************************
     4: ;* A P P L I C A T I O N   N O T E   F O R   T H E   A V R   F A M I L Y
     5: ;* 
     6: ;* Number            : AVR000
     7: ;* File Name         : "tn2313Adef.inc"
     8: ;* Title             : Register/Bit Definitions for the ATtiny2313A
     9: ;* Date              : 2011-02-09
    10: ;* Version           : 2.35
    11: ;* Support E-mail    : avr@atmel.com
    12: ;* Target MCU        : ATtiny2313A
    13: ;* 
    14: ;* DESCRIPTION
    15: ;* When including this file in the assembly program file, all I/O register 
    16: ;* names and I/O register bit names appearing in the data book can be used.
    17: ;* In addition, the six registers forming the three data pointers X, Y and 
    18: ;* Z have been assigned names XL - ZH. Highest RAM address for Internal 
    19: ;* SRAM is also defined 
    20: ;* 
    21: ;* The Register names are represented by their hexadecimal address.
    22: ;* 
    23: ;* The Register Bit names are represented by their bit number (0-7).
    24: ;* 
    25: ;* Please observe the difference in using the bit names with instructions
    26: ;* such as "sbr"/"cbr" (set/clear bit in register) and "sbrs"/"sbrc"
    27: ;* (skip if bit in register set/cleared). The following example illustrates
    28: ;* this:
    29: ;* 
    30: ;* in    r16,PORTB             ;read PORTB latch
    31: ;* sbr   r16,(1<<PB6)+(1<<PB5) ;set PB6 and PB5 (use masks, not bit#)
    32: ;* out   PORTB,r16             ;output to PORTB
    33: ;* 
    34: ;* in    r16,TIFR              ;read the Timer Interrupt Flag Register
    35: ;* sbrc  r16,TOV0              ;test the overflow flag (use bit#)
    36: ;* rjmp  TOV0_is_set           ;jump if set
    37: ;* ...                         ;otherwise do something else
    38: ;*************************************************************************
    39: 
    40: #ifndef _TN2313ADEF_INC_
    41: #define _TN2313ADEF_INC_
    42: 
    43: 
    44: #pragma partinc 0
    45: 
    46: ; ***** SPECIFY DEVICE ***************************************************
    47: .device ATtiny2313A
    48: #pragma AVRPART ADMIN PART_NAME ATtiny2313A
    49: .equ	SIGNATURE_000	= 0x1e
    50: .equ	SIGNATURE_001	= 0x91
    51: .equ	SIGNATURE_002	= 0x0a
    52: 
    53: #pragma AVRPART CORE CORE_VERSION V2
    54: #pragma AVRPART CORE NEW_INSTRUCTIONS lpm rd,z+
    55: 
    56: 
    57: ; ***** I/O REGISTER DEFINITIONS *****************************************
    58: ; NOTE:
    59: ; Definitions marked "MEMORY MAPPED"are extended I/O ports
    60: ; and cannot be used with IN/OUT instructions
    61: .equ	SREG	= 0x3f
    62: .equ	SPL	= 0x3d
    63: .equ	OCR0B	= 0x3c
    64: .equ	GIMSK	= 0x3b
    65: .equ	EIFR	= 0x3a
    66: .equ	TIMSK	= 0x39
    67: .equ	TIFR	= 0x38
    68: .equ	SPMCSR	= 0x37
    69: .equ	OCR0A	= 0x36
    70: .equ	MCUCR	= 0x35
    71: .equ	MCUSR	= 0x34
    72: .equ	TCCR0B	= 0x33
    73: .equ	TCNT0	= 0x32
    74: .equ	OSCCAL	= 0x31
    75: .equ	TCCR0A	= 0x30
    76: .equ	TCCR1A	= 0x2f
    77: .equ	TCCR1B	= 0x2e
    78: .equ	TCNT1L	= 0x2c
    79: .equ	TCNT1H	= 0x2d
    80: .equ	OCR1AL	= 0x2a
    81: .equ	OCR1AH	= 0x2b
    82: .equ	OCR1BL	= 0x28
    83: .equ	OCR1BH	= 0x29
    84: .equ	CLKPR	= 0x26
    85: .equ	ICR1L	= 0x24
    86: .equ	ICR1H	= 0x25
    87: .equ	GTCCR	= 0x23
    88: .equ	TCCR1C	= 0x22
    89: .equ	WDTCR	= 0x21
    90: .equ	PCMSK	= 0x20
    91: .equ	EEAR	= 0x1e
    92: .equ	EEDR	= 0x1d
    93: .equ	EECR	= 0x1c
    94: .equ	PORTA	= 0x1b
    95: .equ	DDRA	= 0x1a
    96: .equ	PINA	= 0x19
    97: .equ	PORTB	= 0x18
    98: .equ	DDRB	= 0x17
    99: .equ	PINB	= 0x16
   100: .equ	GPIOR2	= 0x15
   101: .equ	GPIOR1	= 0x14
   102: .equ	GPIOR0	= 0x13
   103: .equ	PORTD	= 0x12
   104: .equ	DDRD	= 0x11
   105: .equ	PIND	= 0x10
   106: .equ	USIDR	= 0x0f
   107: .equ	USISR	= 0x0e
   108: .equ	USICR	= 0x0d
   109: .equ	UDR	= 0x0c
   110: .equ	UCSRA	= 0x0b
   111: .equ	UCSRB	= 0x0a
   112: .equ	UBRRL	= 0x09
   113: .equ	ACSR	= 0x08
   114: .equ	BODCR	= 0x07
   115: .equ	PRR	= 0x06
   116: .equ	PCMSK2	= 0x05
   117: .equ	PCMSK1	= 0x04
   118: .equ	UCSRC	= 0x03
   119: .equ	UBRRH	= 0x02
   120: .equ	DIDR	= 0x01
   121: 
   122: 
   123: ; ***** BIT DEFINITIONS **************************************************
   124: 
   125: ; ***** PORTB ************************
   126: ; PORTB - Port B Data Register
   127: .equ	PORTB0	= 0	; Port B Data Register bit 0
   128: .equ	PB0	= 0	; For compatibility
   129: .equ	PORTB1	= 1	; Port B Data Register bit 1
   130: .equ	PB1	= 1	; For compatibility
   131: .equ	PORTB2	= 2	; Port B Data Register bit 2
   132: .equ	PB2	= 2	; For compatibility
   133: .equ	PORTB3	= 3	; Port B Data Register bit 3
   134: .equ	PB3	= 3	; For compatibility
   135: .equ	PORTB4	= 4	; Port B Data Register bit 4
   136: .equ	PB4	= 4	; For compatibility
   137: .equ	PORTB5	= 5	; Port B Data Register bit 5
   138: .equ	PB5	= 5	; For compatibility
   139: .equ	PORTB6	= 6	; Port B Data Register bit 6
   140: .equ	PB6	= 6	; For compatibility
   141: .equ	PORTB7	= 7	; Port B Data Register bit 7
   142: .equ	PB7	= 7	; For compatibility
   143: 
   144: ; DDRB - Port B Data Direction Register
   145: .equ	DDB0	= 0	; Port B Data Direction Register bit 0
   146: .equ	DDB1	= 1	; Port B Data Direction Register bit 1
   147: .equ	DDB2	= 2	; Port B Data Direction Register bit 2
   148: .equ	DDB3	= 3	; Port B Data Direction Register bit 3
   149: .equ	DDB4	= 4	; Port B Data Direction Register bit 4
   150: .equ	DDB5	= 5	; Port B Data Direction Register bit 5
   151: .equ	DDB6	= 6	; Port B Data Direction Register bit 6
   152: .equ	DDB7	= 7	; Port B Data Direction Register bit 7
   153: 
   154: ; PINB - Port B Input Pins
   155: .equ	PINB0	= 0	; Port B Input Pins bit 0
   156: .equ	PINB1	= 1	; Port B Input Pins bit 1
   157: .equ	PINB2	= 2	; Port B Input Pins bit 2
   158: .equ	PINB3	= 3	; Port B Input Pins bit 3
   159: .equ	PINB4	= 4	; Port B Input Pins bit 4
   160: .equ	PINB5	= 5	; Port B Input Pins bit 5
   161: .equ	PINB6	= 6	; Port B Input Pins bit 6
   162: .equ	PINB7	= 7	; Port B Input Pins bit 7
   163: 
   164: 
   165: ; ***** TIMER_COUNTER_0 **************
   166: ; TIMSK - Timer/Counter Interrupt Mask Register
   167: .equ	OCIE0A	= 0	; Timer/Counter0 Output Compare Match A Interrupt Enable
   168: .equ	TOIE0	= 1	; Timer/Counter0 Overflow Interrupt Enable
   169: .equ	OCIE0B	= 2	; Timer/Counter0 Output Compare Match B Interrupt Enable
   170: 
   171: ; TIFR - Timer/Counter Interrupt Flag register
   172: .equ	OCF0A	= 0	; Timer/Counter0 Output Compare Flag 0A
   173: .equ	TOV0	= 1	; Timer/Counter0 Overflow Flag
   174: .equ	OCF0B	= 2	; Timer/Counter0 Output Compare Flag 0B
   175: 
   176: ; OCR0B - Timer/Counter0 Output Compare Register
   177: .equ	OCR0_0	= 0	; 
   178: .equ	OCR0_1	= 1	; 
   179: .equ	OCR0_2	= 2	; 
   180: .equ	OCR0_3	= 3	; 
   181: .equ	OCR0_4	= 4	; 
   182: .equ	OCR0_5	= 5	; 
   183: .equ	OCR0_6	= 6	; 
   184: .equ	OCR0_7	= 7	; 
   185: 
   186: ; OCR0A - Timer/Counter0 Output Compare Register
   187: .equ	OCR0A_0	= 0	; 
   188: .equ	OCR0A_1	= 1	; 
   189: .equ	OCR0A_2	= 2	; 
   190: .equ	OCR0A_3	= 3	; 
   191: .equ	OCR0A_4	= 4	; 
   192: .equ	OCR0A_5	= 5	; 
   193: .equ	OCR0A_6	= 6	; 
   194: .equ	OCR0A_7	= 7	; 
   195: 
   196: ; TCCR0A - Timer/Counter  Control Register A
   197: .equ	WGM00	= 0	; Waveform Generation Mode
   198: .equ	WGM01	= 1	; Waveform Generation Mode
   199: .equ	COM0B0	= 4	; Compare Match Output B Mode
   200: .equ	COM0B1	= 5	; Compare Match Output B Mode
   201: .equ	COM0A0	= 6	; Compare Match Output A Mode
   202: .equ	COM0A1	= 7	; Compare Match Output A Mode
   203: 
   204: ; TCNT0 - Timer/Counter0
   205: .equ	TCNT0_0	= 0	; 
   206: .equ	TCNT0_1	= 1	; 
   207: .equ	TCNT0_2	= 2	; 
   208: .equ	TCNT0_3	= 3	; 
   209: .equ	TCNT0_4	= 4	; 
   210: .equ	TCNT0_5	= 5	; 
   211: .equ	TCNT0_6	= 6	; 
   212: .equ	TCNT0_7	= 7	; 
   213: 
   214: ; TCCR0B - Timer/Counter Control Register B
   215: .equ	TCCR0	= TCCR0B	; For compatibility
   216: .equ	CS00	= 0	; Clock Select
   217: .equ	CS01	= 1	; Clock Select
   218: .equ	CS02	= 2	; Clock Select
   219: .equ	WGM02	= 3	; 
   220: .equ	FOC0B	= 6	; Force Output Compare B
   221: .equ	FOC0A	= 7	; Force Output Compare B
   222: 
   223: 
   224: ; ***** TIMER_COUNTER_1 **************
   225: ; TIMSK - Timer/Counter Interrupt Mask Register
   226: .equ	ICIE1	= 3	; Timer/Counter1 Input Capture Interrupt Enable
   227: .equ	TICIE	= ICIE1	; For compatibility
   228: .equ	OCIE1B	= 5	; Timer/Counter1 Output CompareB Match Interrupt Enable
   229: .equ	OCIE1A	= 6	; Timer/Counter1 Output CompareA Match Interrupt Enable
   230: .equ	TOIE1	= 7	; Timer/Counter1 Overflow Interrupt Enable
   231: 
   232: ; TIFR - Timer/Counter Interrupt Flag register
   233: .equ	ICF1	= 3	; Input Capture Flag 1
   234: .equ	OCF1B	= 5	; Output Compare Flag 1B
   235: .equ	OCF1A	= 6	; Output Compare Flag 1A
   236: .equ	TOV1	= 7	; Timer/Counter1 Overflow Flag
   237: 
   238: ; TCCR1A - Timer/Counter1 Control Register A
   239: .equ	WGM10	= 0	; Pulse Width Modulator Select Bit 0
   240: .equ	PWM10	= WGM10	; For compatibility
   241: .equ	WGM11	= 1	; Pulse Width Modulator Select Bit 1
   242: .equ	PWM11	= WGM11	; For compatibility
   243: .equ	COM1B0	= 4	; Comparet Ouput Mode 1B, bit 0
   244: .equ	COM1B1	= 5	; Compare Output Mode 1B, bit 1
   245: .equ	COM1A0	= 6	; Comparet Ouput Mode 1A, bit 0
   246: .equ	COM1A1	= 7	; Compare Output Mode 1A, bit 1
   247: 
   248: ; TCCR1B - Timer/Counter1 Control Register B
   249: .equ	CS10	= 0	; Clock Select bit 0
   250: .equ	CS11	= 1	; Clock Select 1 bit 1
   251: .equ	CS12	= 2	; Clock Select1 bit 2
   252: .equ	WGM12	= 3	; Waveform Generation Mode Bit 2
   253: .equ	CTC1	= WGM12	; For compatibility
   254: .equ	WGM13	= 4	; Waveform Generation Mode Bit 3
   255: .equ	ICES1	= 6	; Input Capture 1 Edge Select
   256: .equ	ICNC1	= 7	; Input Capture 1 Noise Canceler
   257: 
   258: ; TCCR1C - Timer/Counter1 Control Register C
   259: .equ	FOC1B	= 6	; Force Output Compare for Channel B
   260: .equ	FOC1A	= 7	; Force Output Compare for Channel A
   261: 
   262: 
   263: ; ***** WATCHDOG *********************
   264: ; WDTCR - Watchdog Timer Control Register
   265: .equ	WDTCSR	= WDTCR	; For compatibility
   266: .equ	WDP0	= 0	; Watch Dog Timer Prescaler bit 0
   267: .equ	WDP1	= 1	; Watch Dog Timer Prescaler bit 1
   268: .equ	WDP2	= 2	; Watch Dog Timer Prescaler bit 2
   269: .equ	WDE	= 3	; Watch Dog Enable
   270: .equ	WDCE	= 4	; Watchdog Change Enable
   271: .equ	WDTOE	= WDCE	; For compatibility
   272: .equ	WDP3	= 5	; Watchdog Timer Prescaler Bit 3
   273: .equ	WDIE	= 6	; Watchdog Timeout Interrupt Enable
   274: .equ	WDIF	= 7	; Watchdog Timeout Interrupt Flag
   275: 
   276: 
   277: ; ***** USART ************************
   278: ; UDR - USART I/O Data Register
   279: .equ	UDR0	= 0	; USART I/O Data Register bit 0
   280: .equ	UDR1	= 1	; USART I/O Data Register bit 1
   281: .equ	UDR2	= 2	; USART I/O Data Register bit 2
   282: .equ	UDR3	= 3	; USART I/O Data Register bit 3
   283: .equ	UDR4	= 4	; USART I/O Data Register bit 4
   284: .equ	UDR5	= 5	; USART I/O Data Register bit 5
   285: .equ	UDR6	= 6	; USART I/O Data Register bit 6
   286: .equ	UDR7	= 7	; USART I/O Data Register bit 7
   287: 
   288: ; UCSRA - USART Control and Status Register A
   289: .equ	USR	= UCSRA	; For compatibility
   290: .equ	MPCM	= 0	; Multi-processor Communication Mode
   291: .equ	U2X	= 1	; Double the USART Transmission Speed
   292: .equ	UPE	= 2	; USART Parity Error
   293: .equ	PE	= UPE	; For compatibility
   294: .equ	DOR	= 3	; Data overRun
   295: .equ	FE	= 4	; Framing Error
   296: .equ	UDRE	= 5	; USART Data Register Empty
   297: .equ	TXC	= 6	; USART Transmitt Complete
   298: .equ	RXC	= 7	; USART Receive Complete
   299: 
   300: ; UCSRB - USART Control and Status Register B
   301: .equ	UCR	= UCSRB	; For compatibility
   302: .equ	TXB8	= 0	; Transmit Data Bit 8
   303: .equ	RXB8	= 1	; Receive Data Bit 8
   304: .equ	UCSZ2	= 2	; Character Size
   305: .equ	CHR9	= UCSZ2	; For compatibility
   306: .equ	TXEN	= 3	; Transmitter Enable
   307: .equ	RXEN	= 4	; Receiver Enable
   308: .equ	UDRIE	= 5	; USART Data register Empty Interrupt Enable
   309: .equ	TXCIE	= 6	; TX Complete Interrupt Enable
   310: .equ	RXCIE	= 7	; RX Complete Interrupt Enable
   311: 
   312: ; UCSRC - USART Control and Status Register C
   313: .equ	UCPOL	= 0	; Clock Polarity
   314: .equ	UCSZ0	= 1	; Character Size Bit 0
   315: .equ	UCSZ1	= 2	; Character Size Bit 1
   316: .equ	USBS	= 3	; Stop Bit Select
   317: .equ	UPM0	= 4	; Parity Mode Bit 0
   318: .equ	UPM1	= 5	; Parity Mode Bit 1
   319: .equ	UMSEL	= 6	; USART Mode Select
   320: 
   321: .equ	UBRR	= UBRRL	; For compatibility
   322: 
   323: ; ***** ANALOG_COMPARATOR ************
   324: ; ACSR - Analog Comparator Control And Status Register
   325: .equ	ACIS0	= 0	; Analog Comparator Interrupt Mode Select bit 0
   326: .equ	ACIS1	= 1	; Analog Comparator Interrupt Mode Select bit 1
   327: .equ	ACIC	= 2	; 
   328: .equ	ACIE	= 3	; Analog Comparator Interrupt Enable
   329: .equ	ACI	= 4	; Analog Comparator Interrupt Flag
   330: .equ	ACO	= 5	; Analog Compare Output
   331: .equ	ACBG	= 6	; Analog Comparator Bandgap Select
   332: .equ	ACD	= 7	; Analog Comparator Disable
   333: 
   334: ; DIDR - Digital Input Disable Register 1
   335: .equ	AIN0D	= 0	; AIN0 Digital Input Disable
   336: .equ	AIN1D	= 1	; AIN1 Digital Input Disable
   337: 
   338: 
   339: ; ***** PORTD ************************
   340: ; PORTD - Data Register, Port D
   341: .equ	PORTD0	= 0	; 
   342: .equ	PD0	= 0	; For compatibility
   343: .equ	PORTD1	= 1	; 
   344: .equ	PD1	= 1	; For compatibility
   345: .equ	PORTD2	= 2	; 
   346: .equ	PD2	= 2	; For compatibility
   347: .equ	PORTD3	= 3	; 
   348: .equ	PD3	= 3	; For compatibility
   349: .equ	PORTD4	= 4	; 
   350: .equ	PD4	= 4	; For compatibility
   351: .equ	PORTD5	= 5	; 
   352: .equ	PD5	= 5	; For compatibility
   353: .equ	PORTD6	= 6	; 
   354: .equ	PD6	= 6	; For compatibility
   355: 
   356: ; DDRD - Data Direction Register, Port D
   357: .equ	DDD0	= 0	; 
   358: .equ	DDD1	= 1	; 
   359: .equ	DDD2	= 2	; 
   360: .equ	DDD3	= 3	; 
   361: .equ	DDD4	= 4	; 
   362: .equ	DDD5	= 5	; 
   363: .equ	DDD6	= 6	; 
   364: 
   365: ; PIND - Input Pins, Port D
   366: .equ	PIND0	= 0	; 
   367: .equ	PIND1	= 1	; 
   368: .equ	PIND2	= 2	; 
   369: .equ	PIND3	= 3	; 
   370: .equ	PIND4	= 4	; 
   371: .equ	PIND5	= 5	; 
   372: .equ	PIND6	= 6	; 
   373: 
   374: 
   375: ; ***** EEPROM ***********************
   376: ; EEAR - EEPROM Read/Write Access
   377: .equ	EEARL	= EEAR	; For compatibility
   378: .equ	EEAR0	= 0	; EEPROM Read/Write Access bit 0
   379: .equ	EEAR1	= 1	; EEPROM Read/Write Access bit 1
   380: .equ	EEAR2	= 2	; EEPROM Read/Write Access bit 2
   381: .equ	EEAR3	= 3	; EEPROM Read/Write Access bit 3
   382: .equ	EEAR4	= 4	; EEPROM Read/Write Access bit 4
   383: .equ	EEAR5	= 5	; EEPROM Read/Write Access bit 5
   384: .equ	EEAR6	= 6	; EEPROM Read/Write Access bit 6
   385: 
   386: ; EEDR - EEPROM Data Register
   387: .equ	EEDR0	= 0	; EEPROM Data Register bit 0
   388: .equ	EEDR1	= 1	; EEPROM Data Register bit 1
   389: .equ	EEDR2	= 2	; EEPROM Data Register bit 2
   390: .equ	EEDR3	= 3	; EEPROM Data Register bit 3
   391: .equ	EEDR4	= 4	; EEPROM Data Register bit 4
   392: .equ	EEDR5	= 5	; EEPROM Data Register bit 5
   393: .equ	EEDR6	= 6	; EEPROM Data Register bit 6
   394: .equ	EEDR7	= 7	; EEPROM Data Register bit 7
   395: 
   396: ; EECR - EEPROM Control Register
   397: .equ	EERE	= 0	; EEPROM Read Enable
   398: .equ	EEPE	= 1	; EEPROM Write Enable
   399: .equ	EEWE	= EEPE	; For compatibility
   400: .equ	EEMPE	= 2	; EEPROM Master Write Enable
   401: .equ	EEMWE	= EEMPE	; For compatibility
   402: .equ	EERIE	= 3	; EEProm Ready Interrupt Enable
   403: .equ	EEPM0	= 4	; 
   404: .equ	EEPM1	= 5	; 
   405: 
   406: 
   407: ; ***** PORTA ************************
   408: ; PORTA - Port A Data Register
   409: .equ	PORTA0	= 0	; Port A Data Register bit 0
   410: .equ	PA0	= 0	; For compatibility
   411: .equ	PORTA1	= 1	; Port A Data Register bit 1
   412: .equ	PA1	= 1	; For compatibility
   413: .equ	PORTA2	= 2	; Port A Data Register bit 2
   414: .equ	PA2	= 2	; For compatibility
   415: 
   416: ; DDRA - Port A Data Direction Register
   417: .equ	DDA0	= 0	; Data Direction Register, Port A, bit 0
   418: .equ	DDA1	= 1	; Data Direction Register, Port A, bit 1
   419: .equ	DDA2	= 2	; Data Direction Register, Port A, bit 2
   420: 
   421: ; PINA - Port A Input Pins
   422: .equ	PINA0	= 0	; Input Pins, Port A bit 0
   423: .equ	PINA1	= 1	; Input Pins, Port A bit 1
   424: .equ	PINA2	= 2	; Input Pins, Port A bit 2
   425: 
   426: 
   427: ; ***** USI **************************
   428: ; USIDR - USI Data Register
   429: .equ	USIDR0	= 0	; USI Data Register bit 0
   430: .equ	USIDR1	= 1	; USI Data Register bit 1
   431: .equ	USIDR2	= 2	; USI Data Register bit 2
   432: .equ	USIDR3	= 3	; USI Data Register bit 3
   433: .equ	USIDR4	= 4	; USI Data Register bit 4
   434: .equ	USIDR5	= 5	; USI Data Register bit 5
   435: .equ	USIDR6	= 6	; USI Data Register bit 6
   436: .equ	USIDR7	= 7	; USI Data Register bit 7
   437: 
   438: ; USISR - USI Status Register
   439: .equ	USICNT0	= 0	; USI Counter Value Bit 0
   440: .equ	USICNT1	= 1	; USI Counter Value Bit 1
   441: .equ	USICNT2	= 2	; USI Counter Value Bit 2
   442: .equ	USICNT3	= 3	; USI Counter Value Bit 3
   443: .equ	USIDC	= 4	; Data Output Collision
   444: .equ	USIPF	= 5	; Stop Condition Flag
   445: .equ	USIOIF	= 6	; Counter Overflow Interrupt Flag
   446: .equ	USISIF	= 7	; Start Condition Interrupt Flag
   447: 
   448: ; USICR - USI Control Register
   449: .equ	USITC	= 0	; Toggle Clock Port Pin
   450: .equ	USICLK	= 1	; Clock Strobe
   451: .equ	USICS0	= 2	; USI Clock Source Select Bit 0
   452: .equ	USICS1	= 3	; USI Clock Source Select Bit 1
   453: .equ	USIWM0	= 4	; USI Wire Mode Bit 0
   454: .equ	USIWM1	= 5	; USI Wire Mode Bit 1
   455: .equ	USIOIE	= 6	; Counter Overflow Interrupt Enable
   456: .equ	USISIE	= 7	; Start Condition Interrupt Enable
   457: 
   458: 
   459: ; ***** EXTERNAL_INTERRUPT ***********
   460: ; GIMSK - General Interrupt Mask Register
   461: .equ	PCIE	= 5	; 
   462: .equ	INT0	= 6	; External Interrupt Request 0 Enable
   463: .equ	INT1	= 7	; External Interrupt Request 1 Enable
   464: 
   465: ; EIFR - Extended Interrupt Flag Register
   466: .equ	GIFR	= EIFR	; For compatibility
   467: .equ	PCIF	= 5	; 
   468: .equ	INTF0	= 6	; External Interrupt Flag 0
   469: .equ	INTF1	= 7	; External Interrupt Flag 1
   470: 
   471: ; PCMSK2 - Pin Change Interrupt Mask Register 2
   472: .equ	PCINT11	= 0	; Pin Change Interrupt Mask 11
   473: .equ	PCINT12	= 1	; Pin Change Interrupt Mask 12
   474: .equ	PCINT13	= 2	; Pin Change Interrupt Mask 13
   475: .equ	PCINT14	= 3	; Pin Change Interrupt Mask 14
   476: .equ	PCINT15	= 4	; Pin Change Interrupt Mask 15
   477: .equ	PCINT16	= 5	; Pin Change Interrupt Mask 16
   478: .equ	PCINT17	= 6	; Pin Change Interrupt Mask 17
   479: 
   480: ; PCMSK1 - Pin Change Interrupt Mask Register 1
   481: .equ	PCINT8	= 0	; Pin Change Interrupt Mask 8
   482: .equ	PCINT9	= 1	; Pin Change Interrupt Mask 9
   483: .equ	PCINT10	= 2	; Pin Change Interrupt Mask 10
   484: 
   485: 
   486: ; ***** CPU **************************
   487: ; SREG - Status Register
   488: .equ	SREG_C	= 0	; Carry Flag
   489: .equ	SREG_Z	= 1	; Zero Flag
   490: .equ	SREG_N	= 2	; Negative Flag
   491: .equ	SREG_V	= 3	; Two's Complement Overflow Flag
   492: .equ	SREG_S	= 4	; Sign Bit
   493: .equ	SREG_H	= 5	; Half Carry Flag
   494: .equ	SREG_T	= 6	; Bit Copy Storage
   495: .equ	SREG_I	= 7	; Global Interrupt Enable
   496: 
   497: ; SPMCSR - Store Program Memory Control and Status register
   498: .equ	SPMEN	= 0	; Store Program Memory Enable
   499: .equ	PGERS	= 1	; Page Erase
   500: .equ	PGWRT	= 2	; Page Write
   501: .equ	RFLB	= 3	; Read Fuse and Lock Bits
   502: .equ	CTPB	= 4	; Clear Temporary Page Buffer
   503: 
   504: ; MCUCR - MCU Control Register
   505: .equ	ISC00	= 0	; Interrupt Sense Control 0 bit 0
   506: .equ	ISC01	= 1	; Interrupt Sense Control 0 bit 1
   507: .equ	ISC10	= 2	; Interrupt Sense Control 1 bit 0
   508: .equ	ISC11	= 3	; Interrupt Sense Control 1 bit 1
   509: .equ	SM0	= 4	; Sleep Mode Select Bit 0
   510: .equ	SM	= SM0	; For compatibility
   511: .equ	SE	= 5	; Sleep Enable
   512: .equ	SM1	= 6	; Sleep Mode Select Bit 1
   513: .equ	PUD	= 7	; Pull-up Disable
   514: 
   515: ; CLKPR - Clock Prescale Register
   516: .equ	CLKPS0	= 0	; Clock Prescaler Select Bit 0
   517: .equ	CLKPS1	= 1	; Clock Prescaler Select Bit 1
   518: .equ	CLKPS2	= 2	; Clock Prescaler Select Bit 2
   519: .equ	CLKPS3	= 3	; Clock Prescaler Select Bit 3
   520: .equ	CLKPCE	= 7	; Clock Prescaler Change Enable
   521: 
   522: ; MCUSR - MCU Status register
   523: .equ	PORF	= 0	; Power-On Reset Flag
   524: .equ	EXTRF	= 1	; External Reset Flag
   525: .equ	BORF	= 2	; Brown-out Reset Flag
   526: .equ	WDRF	= 3	; Watchdog Reset Flag
   527: 
   528: ; OSCCAL - Oscillator Calibration Register
   529: .equ	CAL0	= 0	; Oscillatro Calibration Value Bit 0
   530: .equ	CAL1	= 1	; Oscillatro Calibration Value Bit 1
   531: .equ	CAL2	= 2	; Oscillatro Calibration Value Bit 2
   532: .equ	CAL3	= 3	; Oscillatro Calibration Value Bit 3
   533: .equ	CAL4	= 4	; Oscillatro Calibration Value Bit 4
   534: .equ	CAL5	= 5	; Oscillatro Calibration Value Bit 5
   535: .equ	CAL6	= 6	; Oscillatro Calibration Value Bit 6
   536: 
   537: ; GTCCR - General Timer Counter Control Register
   538: .equ	SFIOR	= GTCCR	; For compatibility
   539: .equ	PSR10	= 0	; 
   540: 
   541: ; PCMSK - Pin-Change Mask register
   542: .equ	PCINT0	= 0	; Pin-Change Interrupt 0
   543: .equ	PCINT1	= 1	; Pin-Change Interrupt 1
   544: .equ	PCINT2	= 2	; Pin-Change Interrupt 2
   545: .equ	PCINT3	= 3	; Pin-Change Interrupt 3
   546: .equ	PCINT4	= 4	; Pin-Change Interrupt 4
   547: .equ	PCINT5	= 5	; Pin-Change Interrupt 5
   548: .equ	PCINT6	= 6	; Pin-Change Interrupt 6
   549: .equ	PCINT7	= 7	; Pin-Change Interrupt 7
   550: 
   551: ; GPIOR2 - General Purpose I/O Register 2
   552: .equ	GPIOR20	= 0	; General Purpose I/O Register 2 bit 0
   553: .equ	GPIOR21	= 1	; General Purpose I/O Register 2 bit 1
   554: .equ	GPIOR22	= 2	; General Purpose I/O Register 2 bit 2
   555: .equ	GPIOR23	= 3	; General Purpose I/O Register 2 bit 3
   556: .equ	GPIOR24	= 4	; General Purpose I/O Register 2 bit 4
   557: .equ	GPIOR25	= 5	; General Purpose I/O Register 2 bit 5
   558: .equ	GPIOR26	= 6	; General Purpose I/O Register 2 bit 6
   559: .equ	GPIOR27	= 7	; General Purpose I/O Register 2 bit 7
   560: 
   561: ; GPIOR1 - General Purpose I/O Register 1
   562: .equ	GPIOR10	= 0	; General Purpose I/O Register 1 bit 0
   563: .equ	GPIOR11	= 1	; General Purpose I/O Register 1 bit 1
   564: .equ	GPIOR12	= 2	; General Purpose I/O Register 1 bit 2
   565: .equ	GPIOR13	= 3	; General Purpose I/O Register 1 bit 3
   566: .equ	GPIOR14	= 4	; General Purpose I/O Register 1 bit 4
   567: .equ	GPIOR15	= 5	; General Purpose I/O Register 1 bit 5
   568: .equ	GPIOR16	= 6	; General Purpose I/O Register 1 bit 6
   569: .equ	GPIOR17	= 7	; General Purpose I/O Register 1 bit 7
   570: 
   571: ; GPIOR0 - General Purpose I/O Register 0
   572: .equ	GPIOR00	= 0	; General Purpose I/O Register 0 bit 0
   573: .equ	GPIOR01	= 1	; General Purpose I/O Register 0 bit 1
   574: .equ	GPIOR02	= 2	; General Purpose I/O Register 0 bit 2
   575: .equ	GPIOR03	= 3	; General Purpose I/O Register 0 bit 3
   576: .equ	GPIOR04	= 4	; General Purpose I/O Register 0 bit 4
   577: .equ	GPIOR05	= 5	; General Purpose I/O Register 0 bit 5
   578: .equ	GPIOR06	= 6	; General Purpose I/O Register 0 bit 6
   579: .equ	GPIOR07	= 7	; General Purpose I/O Register 0 bit 7
   580: 
   581: ; PRR - Power reduction register
   582: .equ	PRUSART	= 0	; 
   583: .equ	PRUSI	= 1	; 
   584: .equ	PRTIM0	= 2	; 
   585: .equ	PRTIM1	= 3	; 
   586: 
   587: ; BODCR - BOD control register
   588: .equ	BPDSE	= 0	; 
   589: .equ	BPDS	= 1	; 
   590: 
   591: 
   592: 
   593: ; ***** LOCKSBITS ********************************************************
   594: .equ	LB1	= 0	; Lockbit
   595: .equ	LB2	= 1	; Lockbit
   596: 
   597: 
   598: ; ***** FUSES ************************************************************
   599: ; LOW fuse bits
   600: .equ	CKSEL0	= 0	; Select Clock Source
   601: .equ	CKSEL1	= 1	; Select Clock Source
   602: .equ	CKSEL2	= 2	; Select Clock Source
   603: .equ	CKSEL3	= 3	; Select Clock Source
   604: .equ	SUT0	= 4	; Select start-up time
   605: .equ	SUT1	= 5	; Select start-up time
   606: .equ	CKOUT	= 6	; Clock output
   607: .equ	CKDIV8	= 7	; Divide clock by 8
   608: 
   609: ; HIGH fuse bits
   610: .equ	BODLEVEL0	= 0	; Brown-out Detector trigger level
   611: .equ	BODLEVEL1	= 1	; Brown-out Detector trigger level
   612: .equ	BODLEVEL2	= 2	; Brown-out Detector trigger level
   613: .equ	EESAVE	= 3	; EEPROM memory is preserved through chip erase
   614: .equ	WDTON	= 4	; Watchdog Timer Always On
   615: .equ	SPIEN	= 5	; Enable Serial programming and Data Downloading
   616: .equ	DWEN	= 6	; debugWIRE Enable
   617: .equ	RSTDISBL	= 7	; External reset disable
   618: 
   619: ; EXTENDED fuse bits
   620: .equ	SELFPRGEN	= 0	; Self Programming Enable
   621: 
   622: 
   623: 
   624: ; ***** CPU REGISTER DEFINITIONS *****************************************
   625: .def	XH	= r27
   626: .def	XL	= r26
   627: .def	YH	= r29
   628: .def	YL	= r28
   629: .def	ZH	= r31
   630: .def	ZL	= r30
   631: 
   632: 
   633: 
   634: ; ***** DATA MEMORY DECLARATIONS *****************************************
   635: .equ	FLASHEND	= 0x03ff	; Note: Word address
   636: .equ	IOEND	= 0x003f
   637: .equ	SRAM_START	= 0x0060
   638: .equ	SRAM_SIZE	= 128
   639: .equ	RAMEND	= 0x00df
   640: .equ	XRAMEND	= 0x0000
   641: .equ	E2END	= 0x007f
   642: .equ	EEPROMEND	= 0x007f
   643: .equ	EEADRBITS	= 7
   644: #pragma AVRPART MEMORY PROG_FLASH 2048
   645: #pragma AVRPART MEMORY EEPROM 128
   646: #pragma AVRPART MEMORY INT_SRAM SIZE 128
   647: #pragma AVRPART MEMORY INT_SRAM START_ADDR 0x60
   648: 
   649: 
   650: 
   651: ; ***** BOOTLOADER DECLARATIONS ******************************************
   652: .equ	NRWW_START_ADDR	= 0x0
   653: .equ	NRWW_STOP_ADDR	= 0x3ff
   654: .equ	RWW_START_ADDR	= 0x0
   655: .equ	RWW_STOP_ADDR	= 0x0
   656: .equ	PAGESIZE	= 16
   657: 
   658: 
   659: 
   660: ; ***** INTERRUPT VECTORS ************************************************
   661: .equ	INT0addr	= 0x0001	; External Interrupt Request 0
   662: .equ	INT1addr	= 0x0002	; External Interrupt Request 1
   663: .equ	ICP1addr	= 0x0003	; Timer/Counter1 Capture Event
   664: .equ	OC1Aaddr	= 0x0004	; Timer/Counter1 Compare Match A
   665: .equ	OC1addr	= 0x0004	; For compatibility
   666: .equ	OVF1addr	= 0x0005	; Timer/Counter1 Overflow
   667: .equ	OVF0addr	= 0x0006	; Timer/Counter0 Overflow
   668: .equ	URXCaddr	= 0x0007	; USART, Rx Complete
   669: .equ	URXC0addr	= 0x0007	; For compatibility
   670: .equ	UDREaddr	= 0x0008	; USART Data Register Empty
   671: .equ	UDRE0addr	= 0x0008	; For compatibility
   672: .equ	UTXCaddr	= 0x0009	; USART, Tx Complete
   673: .equ	UTXC0addr	= 0x0009	; For compatibility
   674: .equ	ACIaddr	= 0x000a	; Analog Comparator
   675: .equ	PCIBaddr	= 0x000b	; Pin Change Interrupt Request B
   676: .equ	PCIaddr	= 0x000b	; For compatibility
   677: .equ	OC1Baddr	= 0x000c	; 
   678: .equ	OC0Aaddr	= 0x000d	; 
   679: .equ	OC0Baddr	= 0x000e	; 
   680: .equ	USI_STARTaddr	= 0x000f	; USI Start Condition
   681: .equ	USI_OVFaddr	= 0x0010	; USI Overflow
   682: .equ	ERDYaddr	= 0x0011	; 
   683: .equ	WDTaddr	= 0x0012	; Watchdog Timer Overflow
   684: .equ	PCIAaddr	= 0x0013	; Pin Change Interrupt Request A
   685: .equ	PCIDaddr	= 0x0014	; Pin Change Interrupt Request D
   686: 
   687: .equ	INT_VECTORS_SIZE	= 21	; size in words
   688: 
   689: #endif  /* _TN2313ADEF_INC_ */
   690: 
   691: ; ***** END OF FILE ******************************************************
   692: 
  Continuing file ish.asm
     2: .def     Temp=R16
     3: ; Internal Hardware Init  ======================================
     4: 		.equ 	XTAL = 20000000 	
     5: 		.equ 	baudrate = 9600  
     6: 		.equ 	bauddivider = XTAL/(16*baudrate)-1
     7: 		
     8: .DSEG
     9: NumberInASCII:	.byte	5
    10: 
    11: .cseg
    12: .org 0
    13: 000000   ED0F  ldi Temp,RamEnd       ;инициализация стека
    14: 000001   BF0D  out SPL,Temp
    15: 	
    16: 000002   E801  LDI 	R16, low(bauddivider)
    17: 000003   B909  OUT 	UBRRL,R16
    18: 000004   E000  LDI 	R16, high(bauddivider)
    19: 000005   B902  OUT 	UBRRH,R16
    20: 
    21: 000006   E000  LDI 	R16,0
    22: 000007   B90B  OUT 	UCSRA, R16
    23:  
    24: ; Прерывания запрещены, прием-передача разрешен.
    25: 000008   E108  LDI 	R16, (1<<RXEN)|(1<<TXEN)|(0<<RXCIE)|(0<<TXCIE)|(0<<UDRIE)
    26: 000009   B90A  OUT 	UCSRB, R16	
    27:  
    28: ; Формат кадра - 8 бит, пишем в регистр UCSRC, за это отвечает бит селектор
    29: 00000A   E006  LDI 	R16, (1<<UCSZ0)|(1<<UCSZ1)
    30: 00000B   B903  OUT 	UCSRC, R16
    31: 		
    32: 00000C   D0A3  rcall OWReset
    33: 00000D   EC0C  ldi R16,0xCC
    34: 00000E   D0BE  rcall OWWriteByte
    35: 00000F   E404  ldi R16,0x44
    36: 000010   D0BC  rcall OWWriteByte
    37: 000011   EF0A  ldi R16,250
    38: 000012   D092  rcall WaitMiliseconds	; Ждать 750 мс
    39: 000013   D091  rcall WaitMiliseconds
    40: 000014   D090  rcall WaitMiliseconds
    41: 
    42: 000015   D09A  rcall OWReset
    43: 000016   EC0C  ldi R16,0xCC
    44: 000017   D0B5  rcall OWWriteByte
    45: 000018   EB0E  ldi R16,0xBE
    46: 000019   D0B3  rcall OWWriteByte
    47: 00001A   2700  clr R16
    48: 00001B   D0CC  rcall OWReadByte
    49: 00001C   2F60  MOV R22,R16
    50: 00001D   D0CA  rcall OWReadByte
    51: 00001E   2F70  MOV R23,R16
    52: 00001F   D090  rcall OWReset
    53: 
    54: 000020   D012  rcall t_convert
    55: 000021   2F07  MOV R16,R23
    56: 000022   2F16  MOV R17,R22
    57: 000023   D037  rcall NumToASCII
    58: 
    59: 000024   E010  LDI R17,0
    60: 000025   E6A0  LDI XL, LOW(NumberInASCII)
    61: 000026   E0B0  LDI XH, HIGH(NumberInASCII)
    62: 
    63: 000027   910D  LD R16, X+
    64: 000028   D006  rcall uart_snt
    65: 000029   9513  INC R17
    66: 00002A   3015  CPI R17,5
    67: 00002B   F7D9  BRNE PC-0x05
    68: 
    69: ;LDI R16, 0x09
    70: ;rcall uart_snt
    71: ;LDI R16, 0x4F
    72: ;rcall uart_snt
    73: ;LDI R16, 0x6C
    74: ;rcall uart_snt
    75: ;LDI R16, 0x6F
    76: ;rcall uart_snt
    77: ;LDI R16, 0x6C
    78: ;rcall uart_snt
    79: ;LDI R16, 0x6F
    80: ;rcall uart_snt
    81: ;LDI R16, 0x21
    82: ;rcall uart_snt
    83: 
    84: 
    85: 
    86: 
    87: 
    88: 
    89: 00002C   E00A  LDI R16, 0x0A	;На новую строку
    90: 00002D   D001  rcall uart_snt
    91: ;LDI R16, 0x0D	;в начало строки
    92: ;rcall uart_snt
    93: 
    94: 
    95: 00002E   CFDD  RJMP Begin
    96: 
    97: ; Процедура отправки байта
    98: 00002F   9B5D  SBIS 	UCSRA,UDRE	; Пропуск если нет флага готовности
    99: 000030   CFFE  RJMP	uart_snt 	; ждем готовности - флага UDRE
   100:  
   101: 000031   B90C  OUT	UDR, R16	; шлем байт
   102: 000032   9508  RET
   103: 
   104: 
   105: ;|---------------------------------------------------------------------------
   106: ;| Процедура преобразования температуры
   107: ;| На входе: Младший байт в R22, Старший байт в R23
   108: ;| На выходе: дробная часть в R22, Целая часть со знаком в R23
   109: ;|---------------------------------------------------------------------------
   110: 000033   930F  PUSH R16
   111: 000034   931F  PUSH R17
   112: 000035   FF77  SBRS R23,7	;Если число положительное, то переходим к преобразованию дробной части
   113: 000036   C007  rjmp IfPositiv
   114: 000037   2700  CLR R16
   115: 000038   2711  CLR R17
   116: 000039   1B06  SUB R16, R22	;Переводим из дополнительного кода
   117: 00003A   0B17  SBC R17, R23
   118: 00003B   2F60  MOV R22, R16
   119: 00003C   2F71  MOV R23, R17
   120: 00003D   6078  ORI R23,1<<3	;ставим знак "-"
   121: 
   122: IfPositiv:
   123: 00003E   2F06  mov R16, R22
   124: 00003F   9506  lsr R16
   125: 000040   9506  lsr R16
   126: 000041   9506  lsr R16
   127: 000042   9506  lsr R16
   128: 000043   0F77  lsl R23
   129: 000044   0F77  lsl R23
   130: 000045   0F77  lsl R23
   131: 000046   0F77  lsl R23
   132: 000047   2B70  OR R23,R16	;Склеиваем целые части младшего и старшего байтов в один байт
   133: 
   134: 000048   706F  ANDI R22,0b00001111	;Преобразуем дробную часть
   135: 000049   2F06  mov R16, R22	;Нужно умножить на 10, для этого:
   136: 00004A   0F00  lsl R16		;Умножаем на 2
   137: 00004B   0F66  lsl R22
   138: 00004C   0F66  lsl R22
   139: 00004D   0F66  lsl R22		;Умножаем на 8
   140: 00004E   0F60  ADD R22,R16	;Складываем и умножение на 10 готово
   141: 00004F   9566  lsr R22
   142: 000050   9566  lsr R22
   143: 000051   9566  lsr R22
   144: 000052   9566  lsr R22		;Делим на 16
   145: 000053   3870  CPI R23, 1<<7	;Проверка на -0, если -0.0 надо убрать минус
   146: 000054   F419  BRNE end_t_convert
   147: 000055   2366  TST R22		;Проверка на -0.0
   148: 000056   F409  BRNE end_t_convert
   149: 000057   2777  CLR R23
   150: 
   151: end_t_convert:
   152: 000058   911F  POP R17
   153: 000059   910F  POP R16
   154: 00005A   9508  RET
   155: ;|---------------------------------------------------------------------------
   156: ;|                               END
   157: :|---------------------------------------------------------------------------
   158: 
   159: ;|---------------------------------------------------------------------------
   160: ;| Процедура разбивки байта на десятичные разряды с преобразованием в ASCII
   161: ;| Также если 7й бит R16 = 1, то выводится знак "-"
   162: ;| На входе: целая часть в R16
   163: ;|         дробная часть в R17
   164: ;| На выходе: В NumberInASCII - старший разряд или "-",
   165: ;| в NumberInASCII+1 - средний разряд или "-",
   166: ;| в NumberInASCII+2 - младший разряд
   167: ;| в NumberInASCII+3 - символ точки
   168: ;| в NumberInASCII+4 - дробная часть
   169: ;| Также используется флаг Т
   170: ;|---------------------------------------------------------------------------
   171: 00005B   94E8  CLT		;сбрасываем флаг T
   172: 00005C   930F  PUSH R16
   173: 00005D   932F  PUSH R18
   174: 00005E   931F  PUSH R17
   175: 00005F   2711  CLR R17
   176: 000060   2722  CLR R18
   177: 000061   FF07  SBRS R16,7	;Если число положительное, то переходим к преобразованию
   178: 000062   C002  rjmp not_neg
   179: 000063   9468  SET		; Число отрицательное, ставим флаг Т
   180: 000064   770F  ANDI R16, 0b01111111	; Убираем из числа знак -
   181: 000065   3604  CPI R16, 100
   182: 000066   F018  BRLO LoTh100 ;если меньше 100
   183: 000067   5604  SUBI R16, 100
   184: 000068   9523  INC R18
   185: 000069   CFFB  RJMP not_neg
   186: 
   187: 
   188: 00006A   2322  TST R18
   189: 00006B   F431  BRNE R1NZ ; Разряд 1 не ноль
   190: 00006C   6012  ORI R17, 1<<1; Запоминаем что старший разряд "Пробел", вдруг пригодится :-)
   191: 00006D   E220  LDI R18, 0x20	;Загружаем символ пробела
   192: 00006E   9320  STS NumberInASCII, R18
        00006F   0060
   193: 000070   2722  CLR R18
   194: 000071   C004  RJMP CalcDec
   195: 
   196: 000072   5D20  SUBI R18, (-48)	; Прибавляем 48 для получения символа
   197: 000073   9320  STS NumberInASCII, R18
        000074   0060
   198: 000075   2722  CLR R18
   199: 
   200: 000076   300A  CPI R16, 10	;Считаем десятки
   201: 000077   F018  BRLO LoTh10 ;если меньше 10
   202: 000078   500A  SUBI R16, 10
   203: 000079   9523  INC R18
   204: 00007A   CFFB  RJMP CalcDec
   205: 
   206: 00007B   2322  TST R18
   207: 00007C   F441  BRNE R2NZ ; Разряд 2 не ноль
   208: 00007D   FF11  SBRS R17,1	;Если первый регистр не 0, тогда записываем 0 а не пробел
   209: 00007E   C006  rjmp R2NZ
   210: 
   211: 00007F   6011  ORI R17, 1<<0; Запоминаем что средний разряд =0, вдруг пригодится :-)
   212: 000080   E220  LDI R18, 0x20	;Загружаем символ пробела
   213: 000081   9320  STS NumberInASCII+1, R18
        000082   0061
   214: 000083   2722  CLR R18
   215: 000084   C004  RJMP CalcOne
   216: 
   217: 000085   5D20  SUBI R18, (-48)	; Прибавляем 48 для получения символа
   218: 000086   9320  STS NumberInASCII+1, R18
        000087   0061
   219: 000088   2722  CLR R18
   220: 
   221: 000089   5D00  SUBI R16, (-48)	; Прибавляем 48 для получения символа
   222: 00008A   9300  STS NumberInASCII+2, R16
        00008B   0062
   223: 
   224: 00008C   F45E  BRTC EndNTA	;Проверка на -, если минуса нет - заканчиваем
   225: 00008D   FF10  SBRS R17,0	;Если второй разряд не 0, тогда записываем 0 а не пробел
   226: 00008E   C005  rjmp R1IsZ
   227: 
   228: 00008F   94E8  CLT
   229: 000090   E22D  LDI R18, 0x2D	;Загружаем символ минуса
   230: 000091   9320  STS NumberInASCII+1, R18	; пишем минус во второй разряд
        000092   0061
   231: 000093   C004  RJMP EndNTA
   232: 
   233: 
   234: 000094   94E8  CLT
   235: 000095   E22D  LDI R18, 0x2D	;Загружаем символ минуса
   236: 000096   9320  STS NumberInASCII, R18	;В первый разряд
        000097   0060
   237: 
   238: EndNTA:
   239: 
   240: 000098   911F  POP R17	;Вывод дробной части
   241: 000099   E22E  LDI R18, 0x2E	;Загружаем символ точки
   242: 00009A   9320  STS NumberInASCII+3, R18	; пишем минус во второй разряд
        00009B   0063
   243: 00009C   5D10  SUBI R17, (-48)	; Прибавляем 48 для получения символа
   244: 00009D   9310  STS NumberInASCII+4, R17
        00009E   0064
   245: 
   246: 00009F   912F  POP R18
   247: 0000A0   910F  POP R16
   248: 0000A1   9508  RET
   249: ;|---------------------------------------------------------------------------
   250: ;|                               END
   251: ;|---------------------------------------------------------------------------
   252: 
   253: 
   254: .include "1-wire.asm"
  Including file 1-wire.asm
     1: ;------------------------------------------------------------------------------
     2: ; http://avr-mcu.dxp.pl
     3: ; (c) Radoslaw Kwiecien, 2008
     4: ; 
     5: ; Перевод StarXXX, http://hardisoft.ru, 2009
     6: ;------------------------------------------------------------------------------
     7: 
     8: 
     9: 
    10: ;------------------------------------------------------------------------------
    11: ; Начальные установки для реализации протокола 1-Wire
    12: ;------------------------------------------------------------------------------
    13: .equ	OW_PORT	= PORTD				; Порт МК, где висит 1-Wire
    14: .equ	OW_PIN	= PIND				; Порт МК, где висит 1-Wire
    15: .equ	OW_DDR	= DDRD				; Порт МК, где висит 1-Wire
    16: .equ	OW_DQ	= PD4				; Ножка порта, где висит 1-Wire
    17: 
    18: .def	OWCount = r17				; Счетчик
    19: ;------------------------------------------------------------------------------
    20: 
    21: 
    22: ;.cseg
    23: 
    24: .include 	"wait.asm"			; Подключаем модуль временных задержек
  Including file wait.asm
     1: ;------------------------------------------------------------------------------
     2: ; Busy-wait loops utilities module
     3: ; For F_CPU >= 4MHz
     4: ; http://avr-mcu.dxp.pl
     5: ; (c) Radoslaw Kwiecien, 2008
     6: ; 
     7: ; Перевод StarXXX, http://hardisoft.ru, 2009
     8: ;------------------------------------------------------------------------------
     9: 
    10: ;------------------------------------------------------------------------------
    11: ; Модуль временных задержек
    12: ;
    13: ; !!! Для работы модуля необходимо объявить константу F_CPU равную тактовой частоте в герцах !!!
    14: ;
    15: ; !!! задержки действительны для тактовой частоты >= 4 МГц !!!
    16: 
    17: 
    18: ; задержки приблизительны! Чем больше задержка, тем точнее,
    19: ; т.е. при частоте 4МГц задержка в 1 микросекунду, учитывая время вызова подпрограммы и возврата из нее составит 2,5 микросекунды
    20: ; задержка в 10 микросекунд составит 11,5 микросекунд
    21: ; задержка в 100 мкс на самом деле будет 101,5 мкс
    22: ; тоесть, к каждой задержке добавится 1,5 мкс - это время на вызов подпрограммы и на выход из нее
    23: ;------------------------------------------------------------------------------
    24: 
    25: 
    26: 
    27: .ifndef XTAL
    28: 	.error "XTAL must be defined!"
    29: .endif
    30: 
    31: 
    32: .exit XTAL < 4000000	;XTAL too low, possible wrong delay
    33: 
    34: .equ CYCLES_PER_US=(XTAL/1000000)	; количество такотв на микросекунду
    35: .equ C4PUS=(CYCLES_PER_US/4)		; 4 такта на одну микросекунду
    36: ;.equ DVUS(x)=(C4PUS*x)		; вычисляет величину для указанного времени в микросекундах, которую нужно передать Wait4xCycles чтобы получить желаемую задержку
    37: 
    38: ;--------------------------------------------------------------------------------------------------------------
    39: ; Подпрограмма задержки. В цикле отъедается 4 такта на каждую итерацию, кроме последней. В последней - 3 такта.
    40: ; Итого, для получения нужной задержки в микросекундах надо вызывать эту функцию предварительно
    41: ; обработав параметр макросом DVUS:
    42: ;	ldi    XH, HIGH(DVUS(500))
    43: ; 	ldi    XL, LOW(DVUS(500))
    44: ; 	rcall  Wait4xCycles ; пауза 500 микросекунд
    45: ;--------------------------------------------------------------------------------------------------------------
    46: ; Input : XH:XL - number of CPU cycles to wait (divided by four)
    47: ;--------------------------------------------------------------------------------------------------------------
    48: Wait4xCycles:
    49: 0000A2   9711  sbiw	XH:XL, 1			; 2 такта
    50: 0000A3   F7F1  brne	Wait4xCycles		; 1/2
    51: 0000A4   9508  ret							; 4
    52: 
    53: 
    54: ;------------------------------------------------------------------------------
    55: ; Подпрограмма генерирует необходимую задержку в милисекундах
    56: ; На входе: r16 = количество милисекунд
    57: ;------------------------------------------------------------------------------
    58: ; Input : r16 - number of miliseconds to wait
    59: ;------------------------------------------------------------------------------
    60: WaitMiliseconds:
    61: 0000A5   930F  push 	r16
    62: WaitMsLoop: 
    63: 0000A6   E0B9  ldi    XH,HIGH(C4PUS*500)
    64: 0000A7   ECA4  ldi    XL,LOW(C4PUS*500)
    65: 0000A8   DFF9  rcall  Wait4xCycles
    66: 0000A9   E0B9  ldi    XH,HIGH(C4PUS*500)
    67: 0000AA   ECA4  ldi    XL,LOW(C4PUS*500)
    68: 0000AB   DFF6  rcall  Wait4xCycles
    69: 0000AC   950A  dec    r16
    70: 0000AD   F7C1  brne   WaitMsLoop
    71: 0000AE   910F  pop    r16
    72: 0000AF   9508  ret
    73: ;------------------------------------------------------------------------------
    74: ; End of file
    75: ;------------------------------------------------------------------------------
  Continuing file 1-wire.asm
    25: 
    26: 
    27: ;------------------------------------------------------------------------------
    28: ; СБРОС
    29: ; Каждая передача по протоколу 1-Wire начинается с сигнала Reset.
    30: ; После вызова этой процедуры в флаге Т регистра SGER содержится бит 
    31: ; присутствия: 1 - если на шине нет устройств, 0 - если есть
    32: ;------------------------------------------------------------------------------
    33: ; Output : T - presence bit
    34: ;------------------------------------------------------------------------------
    35: OWReset:
    36: 0000B0   9894  cbi		OW_PORT,OW_DQ		; Выводим в порт 0
    37: 0000B1   9A8C  sbi		OW_DDR,OW_DQ		; Переключаем порт на вывод
    38: 
    39: 0000B2   E0B9  ldi		XH, HIGH(C4PUS*470)	; Ждем 470 микросекунд при придавленной в 0 линии. Это и есть импульс сброса.
    40: 0000B3   E2AE  ldi		XL, LOW(C4PUS*470)
    41: 0000B4   DFED  rcall		Wait4xCycles
    42: 	
    43: 0000B5   988C  cbi		OW_DDR,OW_DQ		; Переключаем порт на ввод
    44: 
    45: 0000B6   E0B1  ldi		XH, HIGH(C4PUS*70)	; выжидаем 70 мкс (необходимое минимальное время реакции устройств на сброс)
    46: 0000B7   E5AE  ldi		XL, LOW(C4PUS*70)
    47: 0000B8   DFE9  rcall		Wait4xCycles
    48: 
    49: 0000B9   9468  set							; Устанавливаем флаг Т в 1
    50: 0000BA   9B84  sbis	OW_PIN,OW_DQ		; Если на линии после паузы осталась 1, значит устройств 1-Wire на ней нет. Пропускаем след. команду
    51: 0000BB   94E8  clt							; Линия была в 0 - значит на ней кто-то есть, и ответил нам импульсом PRESENCE
    52: 
    53: 0000BC   E0B4  ldi		XH, HIGH(C4PUS*240)	; Пауза 240 мкс после сброса
    54: 0000BD   EBA0  ldi		XL, LOW(C4PUS*240)
    55: 0000BE   DFE3  rcall		Wait4xCycles
    56: 
    57: 0000BF   9508  ret
    58: 
    59: 
    60: ;------------------------------------------------------------------------------
    61: ; ОТПРАВКА 1 БИТА
    62: ; Эта процедура отправляет 1 бит в линию 1-Wire.
    63: ; Отправляемый бит должен быть помещен в флаг С статусного регистра
    64: ;------------------------------------------------------------------------------
    65: ; Input : C - bit to write
    66: ;------------------------------------------------------------------------------
    67: OWWriteBit:
    68: 0000C0   F418  brcc	OWWriteZero			; Если флаг С = 0, то переход на OWWriteZero
    69: 0000C1   E0B0  ldi		XH, HIGH(C4PUS*1)	; Для посылки 1 линию нужно придавить в 0 всего на 1 мкс
    70: 0000C2   E0A5  ldi		XL, LOW(C4PUS*1)
    71: 0000C3   C002  rjmp	OWWriteOne			; переходим к отправке
    72: OWWriteZero:	
    73: 0000C4   E0B2  ldi		XH, HIGH(C4PUS*120)	; Для посылки 0 линию нужно придавить в 0 на 120 мкс
    74: 0000C5   E5A8  ldi		XL, LOW(C4PUS*120)
    75: OWWriteOne:
    76: 0000C6   9A8C  sbi		OW_DDR, OW_DQ		; Переводим порт на выход, а там уже был 0, соответственно и линия придавливается в 0
    77: 0000C7   DFDA  rcall	Wait4xCycles		; ждем
    78: 0000C8   988C  cbi		OW_DDR, OW_DQ		; Переводим порт на вход
    79: 	
    80: 0000C9   E0B1  ldi		XH, HIGH(C4PUS*60)	; Должна быть пауза между таймслотами, вообще-то от 1 мкс, но здесь сделали 60 мкс
    81: 0000CA   E2AC  ldi		XL, LOW(C4PUS*60)
    82: 0000CB   DFD6  rcall	Wait4xCycles
    83: 0000CC   9508  ret
    84: 
    85: 
    86: ;------------------------------------------------------------------------------
    87: ; ОТПРАВКА 1 БАЙТА
    88: ; Эта процедура отправляет 1 байт в линию 1-Wire.
    89: ; Отправляемый байт должен быть помещен в регистр r16
    90: ;------------------------------------------------------------------------------
    91: ; Input : r16 - byte to write
    92: ;------------------------------------------------------------------------------
    93: OWWriteByte:
    94: 0000CD   931F  push	OWCount			; Сохраняем регистр счетчика
    95: 0000CE   E010  ldi		OWCount,0		; Взводим в нём нолик
    96: 
    97: OWWriteLoop:				
    98: 0000CF   9507  ror		r16				; Сдвигаем байт вправо через флаг C
    99: 0000D0   DFEF  rcall	OWWriteBit		; отправляем в линию
   100: 0000D1   9513  inc		OWCount			; увеличиваем счетчик
   101: 0000D2   3018  cpi		OWCount,8		; проверяем на 8
   102: 0000D3   F7D9  brne	OWWriteLoop		; если меньше - следующий бит
   103: 0000D4   911F  pop		OWCount			; восстанавливаем регистр-счетчик
   104: 0000D5   9508  ret
   105: 
   106: 
   107: 
   108: ;------------------------------------------------------------------------------
   109: ; ЧТЕНИЕ 1 БИТА
   110: ; Эта процедура читает 1 бит из линии 1-Wire.
   111: ; Принятый бит помещается в флаг С статусного регистра
   112: ;------------------------------------------------------------------------------
   113: ; Output : C - bit from slave
   114: ;------------------------------------------------------------------------------
   115: OWReadBit:
   116: 0000D6   E0B0  ldi		XH, HIGH(C4PUS*1)	; Придавливаем линию в 0 на 1 мкс
   117: 0000D7   E0A5  ldi		XL, LOW(C4PUS*1)
   118: 0000D8   9A8C  sbi		OW_DDR, OW_DQ
   119: 0000D9   DFC8  rcall	Wait4xCycles
   120: 
   121: 0000DA   988C  cbi		OW_DDR, OW_DQ		; Переводим порт на чтение
   122: 0000DB   E0B0  ldi		XH, HIGH(C4PUS*5)	; ждем 5 мкс
   123: 0000DC   E1A9  ldi		XL, LOW(C4PUS*5)
   124: 0000DD   DFC4  rcall	Wait4xCycles
   125: 
   126: 0000DE   94E8  clt							; Сбрасываем флаг Т
   127: 0000DF   9984  sbic	OW_PIN,OW_DQ		; Если на линии 0 - то пропускаем следующую команду
   128: 0000E0   9468  set
   129: 
   130: 								; Итак, сейчас в регистре Т полученный бит
   131: 
   132: 0000E1   E0B0  ldi		XH, HIGH(C4PUS*50)	; выжидаем 50 мкс для окончания таймслота
   133: 0000E2   EFAA  ldi		XL, LOW(C4PUS*50)
   134: 0000E3   DFBE  rcall	Wait4xCycles
   135: 								; переносим флаг Т в флаг С
   136: 0000E4   9408  sec
   137: 0000E5   F00E  brts	OWReadBitEnd
   138: 0000E6   9488  clc
   139: 
   140: OWReadBitEnd:
   141: 0000E7   9508  ret
   142: 
   143: 
   144: 
   145: ;------------------------------------------------------------------------------
   146: ; ЧТЕНИЕ 1 БАЙТА
   147: ; Эта процедура читает 1 байт из линии 1-Wire.
   148: ; Принятый байт помещается регистр r16
   149: ;------------------------------------------------------------------------------
   150: ; Output : r16 - byte from slave
   151: ;------------------------------------------------------------------------------
   152: OWReadByte:
   153: 0000E8   931F  push	OWCount			; Сохраняем регистр-счетчик
   154: 0000E9   E010  ldi		OWCount,0		; и обнуляем его
   155: OWReadLoop:
   156: 0000EA   DFEB  rcall	OWReadBit		; читаем бит
   157: 0000EB   9507  ror		r16				; запихиваем его в r16 сдвигом вправо из флага С
   158: 0000EC   9513  inc		OWCount			; увеличиваем счетчик
   159: 0000ED   3018  cpi		OWCount,8		; уже 8?
   160: 0000EE   F7D9  brne	OWReadLoop		; нет - продолжаем считывать
   161: 0000EF   911F  pop		OWCount			; восстанавливаем регистр-счетчик
   162: 0000F0   9508  ret
   163: ;------------------------------------------------------------------------------
   164: ;
   165: ;------------------------------------------------------------------------------
   166: 
   167: 
   168: 
   169: 
   170: 
   171: ;.include 	"1-Wire Search.asm"		; Подключаем модуль поиска устройств на шине 1-Wire
   172: 
   173: 
   174: 
   175: 
  Continuing file ish.asm
   255: 
   256: 
 -> Warning 011: C-style instructions in file, lines ignored!

Program             :      241 words.
Constants           :        0 words.
Total program memory:      241 words.
Eeprom space        :        0 bytes.
Data segment        :        5 bytes.
Compilation completed, no errors.
Compilation endet 12.02.2015, 19:27:37
